Log file open, 07/08/18 13:24:31
LogWindows: Failed to load 'aqProf.dll' (GetLastError=126)
LogWindows: File 'aqProf.dll' does not exist
LogWindows: Failed to load 'VtuneApi.dll' (GetLastError=126)
LogWindows: File 'VtuneApi.dll' does not exist
LogWindows: Failed to load 'VtuneApi32e.dll' (GetLastError=126)
LogWindows: File 'VtuneApi32e.dll' does not exist
LogInit: Display: Running engine for game: WAV
LogPlatformFile: Not using cached read wrapper
LogInit: Display: RandInit(-1562956872) SRandInit(-1562956872).
LogInit: Read version file with build ID '3709383'
LogInit: Overriding engine version to CL 3832480, compatible CL 3709383
LogInit: Registered custom module enumerator with build ID '3709383'
LogTaskGraph: Started task graph with 5 named threads and 11 total threads with 3 sets of task threads.
LogStats: Stats thread started at 0.186411
LogD3D11RHI: Aftermath initialized
LogModuleManager: Display: Found up-to-date module file ../../../Engine/Plugins/2D/Paper2D/Binaries/Win64/UE4Editor-Paper2D.dll (API version 3709383).
LogModuleManager: Display: Found up-to-date module file ../../../Engine/Plugins/2D/Paper2D/Binaries/Win64/UE4Editor-Paper2DEditor.dll (API version 3709383).
LogModuleManager: Display: Found up-to-date module file ../../../Engine/Plugins/2D/Paper2D/Binaries/Win64/UE4Editor-PaperSpriteSheetImporter.dll (API version 3709383).
LogModuleManager: Display: Found up-to-date module file ../../../Engine/Plugins/2D/Paper2D/Binaries/Win64/UE4Editor-PaperTiledImporter.dll (API version 3709383).
LogModuleManager: Display: Found up-to-date module file ../../../Engine/Plugins/2D/Paper2D/Binaries/Win64/UE4Editor-SmartSnapping.dll (API version 3709383).
LogModuleManager: Display: Found up-to-date module file ../../../Engine/Plugins/Blendables/LightPropagationVolume/Binaries/Win64/UE4Editor-LightPropagationVolumeRuntime.dll (API version 3709383).
LogModuleManager: Display: Found up-to-date module file ../../../Engine/Plugins/Blendables/LightPropagationVolume/Binaries/Win64/UE4Editor-LightPropagationVolumeEditor.dll (API version 3709383).
LogModuleManager: Display: Found up-to-date module file ../../../Engine/Plugins/Developer/GitSourceControl/Binaries/Win64/UE4Editor-GitSourceControl.dll (API version 3709383).
LogModuleManager: Display: Found up-to-date module file ../../../Engine/Plugins/Developer/PerforceSourceControl/Binaries/Win64/UE4Editor-PerforceSourceControl.dll (API version 3709383).
LogModuleManager: Display: Found up-to-date module file ../../../Engine/Plugins/Developer/SubversionSourceControl/Binaries/Win64/UE4Editor-SubversionSourceControl.dll (API version 3709383).
LogModuleManager: Display: Found up-to-date module file ../../../Engine/Plugins/Developer/UObjectPlugin/Binaries/Win64/UE4Editor-UObjectPlugin.dll (API version 3709383).
LogModuleManager: Display: Found up-to-date module file ../../../Engine/Plugins/Developer/VisualStudioCodeSourceCodeAccess/Binaries/Win64/UE4Editor-VisualStudioCodeSourceCodeAccess.dll (API version 3709383).
LogModuleManager: Display: Found up-to-date module file ../../../Engine/Plugins/Developer/VisualStudioSourceCodeAccess/Binaries/Win64/UE4Editor-VisualStudioSourceCodeAccess.dll (API version 3709383).
LogModuleManager: Display: Found up-to-date module file ../../../Engine/Plugins/Editor/AssetManagerEditor/Binaries/Win64/UE4Editor-AssetManagerEditor.dll (API version 3709383).
LogModuleManager: Display: Found up-to-date module file ../../../Engine/Plugins/Editor/AudioCapture/Binaries/Win64/UE4Editor-AudioCapture.dll (API version 3709383).
LogModuleManager: Display: Found up-to-date module file ../../../Engine/Plugins/Editor/FacialAnimation/Binaries/Win64/UE4Editor-FacialAnimation.dll (API version 3709383).
LogModuleManager: Display: Found up-to-date module file ../../../Engine/Plugins/Editor/FacialAnimation/Binaries/Win64/UE4Editor-FacialAnimationEditor.dll (API version 3709383).
LogModuleManager: Display: Found up-to-date module file ../../../Engine/Plugins/Editor/GameplayTagsEditor/Binaries/Win64/UE4Editor-GameplayTagsEditor.dll (API version 3709383).
LogModuleManager: Display: Found up-to-date module file ../../../Engine/Plugins/Editor/MobileLauncherProfileWizard/Binaries/Win64/UE4Editor-MobileLauncherProfileWizard.dll (API version 3709383).
LogModuleManager: Display: Found up-to-date module file ../../../Engine/Plugins/Editor/PluginBrowser/Binaries/Win64/UE4Editor-PluginBrowser.dll (API version 3709383).
LogModuleManager: Display: Found up-to-date module file ../../../Engine/Plugins/Editor/SpeedTreeImporter/Binaries/Win64/UE4Editor-SpeedTreeImporter.dll (API version 3709383).
LogModuleManager: Display: Found up-to-date module file ../../../Engine/Plugins/Experimental/AlembicImporter/Binaries/Win64/UE4Editor-AlembicImporter.dll (API version 3709383).
LogModuleManager: Display: Found up-to-date module file ../../../Engine/Plugins/Experimental/AlembicImporter/Binaries/Win64/UE4Editor-AlembicLibrary.dll (API version 3709383).
LogModuleManager: Display: Found up-to-date module file ../../../Engine/Plugins/Experimental/CharacterAI/Binaries/Win64/UE4Editor-CharacterAI.dll (API version 3709383).
LogModuleManager: Display: Found up-to-date module file ../../../Engine/Plugins/Experimental/HTML5Networking/Binaries/Win64/UE4Editor-HTML5Networking.dll (API version 3709383).
LogModuleManager: Display: Found up-to-date module file ../../../Engine/Plugins/Media/AndroidMedia/Binaries/Win64/UE4Editor-AndroidMediaEditor.dll (API version 3709383).
LogModuleManager: Display: Found up-to-date module file ../../../Engine/Plugins/Media/AndroidMedia/Binaries/Win64/UE4Editor-AndroidMediaFactory.dll (API version 3709383).
LogModuleManager: Display: Found up-to-date module file ../../../Engine/Plugins/Media/AvfMedia/Binaries/Win64/UE4Editor-AvfMediaEditor.dll (API version 3709383).
LogModuleManager: Display: Found up-to-date module file ../../../Engine/Plugins/Media/AvfMedia/Binaries/Win64/UE4Editor-AvfMediaFactory.dll (API version 3709383).
LogModuleManager: Display: Found up-to-date module file ../../../Engine/Plugins/Media/AvfMedia/Binaries/Win64/UE4Editor-AvfMediaFactory.dll (API version 3709383).
LogModuleManager: Display: Found up-to-date module file ../../../Engine/Plugins/Media/ImgMedia/Binaries/Win64/UE4Editor-ImgMedia.dll (API version 3709383).
LogModuleManager: Display: Found up-to-date module file ../../../Engine/Plugins/Media/ImgMedia/Binaries/Win64/UE4Editor-ImgMediaEditor.dll (API version 3709383).
LogModuleManager: Display: Found up-to-date module file ../../../Engine/Plugins/Media/ImgMedia/Binaries/Win64/UE4Editor-ImgMediaFactory.dll (API version 3709383).
LogModuleManager: Display: Found up-to-date module file ../../../Engine/Plugins/Media/ImgMedia/Binaries/Win64/UE4Editor-ImgMediaFactory.dll (API version 3709383).
LogModuleManager: Display: Found up-to-date module file ../../../Engine/Plugins/Media/ImgMedia/Binaries/Win64/UE4Editor-OpenExrWrapper.dll (API version 3709383).
LogModuleManager: Display: Found up-to-date module file ../../../Engine/Plugins/Media/MediaCompositing/Binaries/Win64/UE4Editor-MediaCompositing.dll (API version 3709383).
LogModuleManager: Display: Found up-to-date module file ../../../Engine/Plugins/Media/MediaCompositing/Binaries/Win64/UE4Editor-MediaCompositingEditor.dll (API version 3709383).
LogModuleManager: Display: Found up-to-date module file ../../../Engine/Plugins/Media/MediaPlayerEditor/Binaries/Win64/UE4Editor-MediaPlayerEditor.dll (API version 3709383).
LogModuleManager: Display: Found up-to-date module file ../../../Engine/Plugins/Media/WmfMedia/Binaries/Win64/UE4Editor-WmfMedia.dll (API version 3709383).
LogModuleManager: Display: Found up-to-date module file ../../../Engine/Plugins/Media/WmfMedia/Binaries/Win64/UE4Editor-WmfMediaEditor.dll (API version 3709383).
LogModuleManager: Display: Found up-to-date module file ../../../Engine/Plugins/Media/WmfMedia/Binaries/Win64/UE4Editor-WmfMediaFactory.dll (API version 3709383).
LogModuleManager: Display: Found up-to-date module file ../../../Engine/Plugins/Media/WmfMedia/Binaries/Win64/UE4Editor-WmfMediaFactory.dll (API version 3709383).
LogModuleManager: Display: Found up-to-date module file ../../../Engine/Plugins/Messaging/TcpMessaging/Binaries/Win64/UE4Editor-TcpMessaging.dll (API version 3709383).
LogModuleManager: Display: Found up-to-date module file ../../../Engine/Plugins/Messaging/UdpMessaging/Binaries/Win64/UE4Editor-UdpMessaging.dll (API version 3709383).
LogModuleManager: Display: Found up-to-date module file ../../../Engine/Plugins/MovieScene/ActorSequence/Binaries/Win64/UE4Editor-ActorSequence.dll (API version 3709383).
LogModuleManager: Display: Found up-to-date module file ../../../Engine/Plugins/MovieScene/LevelSequenceEditor/Binaries/Win64/UE4Editor-LevelSequenceEditor.dll (API version 3709383).
LogModuleManager: Display: Found up-to-date module file ../../../Engine/Plugins/MovieScene/MatineeToLevelSequence/Binaries/Win64/UE4Editor-MatineeToLevelSequence.dll (API version 3709383).
LogModuleManager: Display: Found up-to-date module file ../../../Engine/Plugins/Online/OnlineSubsystem/Binaries/Win64/UE4Editor-OnlineSubsystem.dll (API version 3709383).
LogModuleManager: Display: Found up-to-date module file ../../../Engine/Plugins/Runtime/AndroidPermission/Binaries/Win64/UE4Editor-AndroidPermission.dll (API version 3709383).
LogModuleManager: Display: Found up-to-date module file ../../../Engine/Plugins/Online/OnlineSubsystemNull/Binaries/Win64/UE4Editor-OnlineSubsystemNull.dll (API version 3709383).
LogModuleManager: Display: Found up-to-date module file ../../../Engine/Plugins/Online/OnlineSubsystemUtils/Binaries/Win64/UE4Editor-OnlineSubsystemUtils.dll (API version 3709383).
LogModuleManager: Display: Found up-to-date module file ../../../Engine/Plugins/Online/OnlineSubsystemUtils/Binaries/Win64/UE4Editor-OnlineBlueprintSupport.dll (API version 3709383).
LogModuleManager: Display: Found up-to-date module file ../../../Engine/Plugins/Runtime/AndroidDeviceProfileSelector/Binaries/Win64/UE4Editor-AndroidDeviceProfileSelector.dll (API version 3709383).
LogModuleManager: Display: Found up-to-date module file ../../../Engine/Plugins/Runtime/AppleARKit/Binaries/Win64/UE4Editor-AppleARKit.dll (API version 3709383).
LogModuleManager: Display: Found up-to-date module file ../../../Engine/Plugins/Runtime/ArchVisCharacter/Binaries/Win64/UE4Editor-ArchVisCharacter.dll (API version 3709383).
LogModuleManager: Display: Found up-to-date module file ../../../Engine/Plugins/Runtime/CableComponent/Binaries/Win64/UE4Editor-CableComponent.dll (API version 3709383).
LogModuleManager: Display: Found up-to-date module file ../../../Engine/Plugins/Runtime/CustomMeshComponent/Binaries/Win64/UE4Editor-CustomMeshComponent.dll (API version 3709383).
LogModuleManager: Display: Found up-to-date module file ../../../Engine/Plugins/Runtime/ExampleDeviceProfileSelector/Binaries/Win64/UE4Editor-ExampleDeviceProfileSelector.dll (API version 3709383).
LogModuleManager: Display: Found up-to-date module file ../../../Engine/Plugins/Runtime/ImmediatePhysics/Binaries/Win64/UE4Editor-ImmediatePhysics.dll (API version 3709383).
LogModuleManager: Display: Found up-to-date module file ../../../Engine/Plugins/Runtime/ImmediatePhysics/Binaries/Win64/UE4Editor-ImmediatePhysicsEditor.dll (API version 3709383).
LogModuleManager: Display: Found up-to-date module file ../../../Engine/Plugins/Runtime/LocationServicesBPLibrary/Binaries/Win64/UE4Editor-LocationServicesBPLibrary.dll (API version 3709383).
LogModuleManager: Display: Found up-to-date module file ../../../Engine/Plugins/Runtime/MobilePatchingUtils/Binaries/Win64/UE4Editor-MobilePatchingUtils.dll (API version 3709383).
LogModuleManager: Display: Found up-to-date module file ../../../Engine/Plugins/Runtime/Oculus/OculusVR/Binaries/Win64/UE4Editor-OculusHMD.dll (API version 3709383).
LogModuleManager: Display: Found up-to-date module file ../../../Engine/Plugins/Runtime/Oculus/OculusVR/Binaries/Win64/UE4Editor-OculusInput.dll (API version 3709383).
LogModuleManager: Display: Found up-to-date module file ../../../Engine/Plugins/Runtime/Oculus/OculusVR/Binaries/Win64/UE4Editor-OculusEditor.dll (API version 3709383).
LogModuleManager: Display: Found up-to-date module file ../../../Engine/Plugins/Runtime/PhysXVehicles/Binaries/Win64/UE4Editor-PhysXVehicles.dll (API version 3709383).
LogModuleManager: Display: Found up-to-date module file ../../../Engine/Plugins/Runtime/PhysXVehicles/Binaries/Win64/UE4Editor-PhysXVehiclesEditor.dll (API version 3709383).
LogModuleManager: Display: Found up-to-date module file ../../../Engine/Plugins/Runtime/ProceduralMeshComponent/Binaries/Win64/UE4Editor-ProceduralMeshComponent.dll (API version 3709383).
LogModuleManager: Display: Found up-to-date module file ../../../Engine/Plugins/Runtime/ProceduralMeshComponent/Binaries/Win64/UE4Editor-ProceduralMeshComponentEditor.dll (API version 3709383).
LogModuleManager: Display: Found up-to-date module file ../../../Engine/Plugins/Runtime/RuntimePhysXCooking/Binaries/Win64/UE4Editor-RuntimePhysXCooking.dll (API version 3709383).
LogModuleManager: Display: Found up-to-date module file ../../../Engine/Plugins/Runtime/Steam/SteamVR/Binaries/Win64/UE4Editor-SteamVR.dll (API version 3709383).
LogModuleManager: Display: Found up-to-date module file ../../../Engine/Plugins/Runtime/Steam/SteamVR/Binaries/Win64/UE4Editor-SteamVRController.dll (API version 3709383).
LogModuleManager: Display: Found up-to-date module file ../../../Engine/Plugins/Runtime/WindowsMoviePlayer/Binaries/Win64/UE4Editor-WindowsMoviePlayer.dll (API version 3709383).
LogPluginManager: Mounting plugin Paper2D
LogPluginManager: Mounting plugin LightPropagationVolume
LogPluginManager: Mounting plugin CodeLiteSourceCodeAccess
LogPluginManager: Mounting plugin GitSourceControl
LogPluginManager: Mounting plugin KDevelopSourceCodeAccess
LogPluginManager: Mounting plugin NullSourceCodeAccess
LogPluginManager: Mounting plugin PerforceSourceControl
LogPluginManager: Mounting plugin SubversionSourceControl
LogPluginManager: Mounting plugin UObjectPlugin
LogPluginManager: Mounting plugin VisualStudioCodeSourceCodeAccess
LogPluginManager: Mounting plugin VisualStudioSourceCodeAccess
LogPluginManager: Mounting plugin XCodeSourceCodeAccess
LogPluginManager: Mounting plugin AssetManagerEditor
LogPluginManager: Mounting plugin AudioCapture
LogPluginManager: Mounting plugin FacialAnimation
LogPluginManager: Mounting plugin GameplayTagsEditor
LogPluginManager: Mounting plugin MobileLauncherProfileWizard
LogPluginManager: Mounting plugin PluginBrowser
LogPluginManager: Mounting plugin SpeedTreeImporter
LogPluginManager: Mounting plugin AlembicImporter
LogPluginManager: Mounting plugin CharacterAI
LogPluginManager: Mounting plugin HTML5Networking
LogPluginManager: Mounting plugin AndroidMedia
LogPluginManager: Mounting plugin AvfMedia
LogPluginManager: Mounting plugin ImgMedia
LogPluginManager: Mounting plugin MediaCompositing
LogPluginManager: Mounting plugin MediaPlayerEditor
LogPluginManager: Mounting plugin WmfMedia
LogPluginManager: Mounting plugin TcpMessaging
LogPluginManager: Mounting plugin UdpMessaging
LogPluginManager: Mounting plugin ActorSequence
LogPluginManager: Mounting plugin LevelSequenceEditor
LogPluginManager: Mounting plugin MatineeToLevelSequence
LogPluginManager: Mounting plugin OnlineSubsystemGooglePlay
LogPluginManager: Mounting plugin OnlineSubsystemIOS
LogPluginManager: Mounting plugin OnlineSubsystem
LogPluginManager: Mounting plugin OnlineSubsystemNull
LogPluginManager: Mounting plugin OnlineSubsystemUtils
LogPluginManager: Mounting plugin AndroidDeviceProfileSelector
LogPluginManager: Mounting plugin AndroidMoviePlayer
LogPluginManager: Mounting plugin AndroidPermission
LogPluginManager: Mounting plugin AppleARKit
LogPluginManager: Mounting plugin AppleMoviePlayer
LogPluginManager: Mounting plugin ArchVisCharacter
LogPluginManager: Mounting plugin CableComponent
LogPluginManager: Mounting plugin CustomMeshComponent
LogPluginManager: Mounting plugin ExampleDeviceProfileSelector
LogPluginManager: Mounting plugin GoogleCloudMessaging
LogPluginManager: Mounting plugin ImmediatePhysics
LogPluginManager: Mounting plugin IOSDeviceProfileSelector
LogPluginManager: Mounting plugin LinuxDeviceProfileSelector
LogPluginManager: Mounting plugin LocationServicesBPLibrary
LogPluginManager: Mounting plugin MobilePatchingUtils
LogPluginManager: Mounting plugin OculusVR
LogPluginManager: Plugin shader directory ../../../Engine/Plugins/Runtime/Oculus/OculusVR/Shaders found
LogPluginManager: Mapping shader source directory ../../../Engine/Plugins/Runtime/Oculus/OculusVR/Shaders to virtual directory /Plugin/OculusVR
LogPluginManager: Mounting plugin PhysXVehicles
LogPluginManager: Mounting plugin ProceduralMeshComponent
LogPluginManager: Mounting plugin RuntimePhysXCooking
LogPluginManager: Mounting plugin SteamVR
LogPluginManager: Mounting plugin WindowsMoviePlayer
LogInit: Using libcurl 7.47.1
LogInit:  - built for x86_64-pc-win32
LogInit:  - supports SSL with OpenSSL/1.0.2g
LogInit:  - supports HTTP deflate (compression) using libz 1.2.8
LogInit:  - other features:
LogInit:      CURL_VERSION_SSL
LogInit:      CURL_VERSION_LIBZ
LogInit:      CURL_VERSION_IPV6
LogInit:      CURL_VERSION_ASYNCHDNS
LogInit:      CURL_VERSION_LARGEFILE
LogInit:      CURL_VERSION_IDN
LogInit:  CurlRequestOptions (configurable via config and command line):
LogInit:  - bVerifyPeer = false  - Libcurl will NOT verify peer certificate
LogInit:  - bUseHttpProxy = false  - Libcurl will NOT use HTTP proxy
LogInit:  - bDontReuseConnections = false  - Libcurl will reuse connections
LogInit:  - CertBundlePath = nullptr  - Libcurl will use whatever was configured at build time.
LogInit: Build: ++UE4+Release-4.18-CL-3832480
LogInit: Engine Version: 4.18.3-3832480+++UE4+Release-4.18
LogInit: Compatible Engine Version: 4.18.0-3709383+++UE4+Release-4.18
LogInit: Net CL: 3709383
LogDevObjectVersion: Number of dev versions registered: 16
LogDevObjectVersion:   Dev-Blueprints (B0D832E4-1F89-4F0D-ACCF-7EB736FD4AA2): 10
LogDevObjectVersion:   Dev-Build (E1C64328-A22C-4D53-A36C-8E866417BD8C): 0
LogDevObjectVersion:   Dev-Core (375EC13C-06E4-48FB-B500-84F0262A717E): 2
LogDevObjectVersion:   Dev-Editor (E4B068ED-F494-42E9-A231-DA0B2E46BB41): 20
LogDevObjectVersion:   Dev-Framework (CFFC743F-43B0-4480-9391-14DF171D2073): 30
LogDevObjectVersion:   Dev-Mobile (B02B49B5-BB20-44E9-A304-32B752E40360): 0
LogDevObjectVersion:   Dev-Networking (A4E4105C-59A1-49B5-A7C5-40C4547EDFEE): 0
LogDevObjectVersion:   Dev-Online (39C831C9-5AE6-47DC-9A44-9C173E1C8E7C): 0
LogDevObjectVersion:   Dev-Physics (78F01B33-EBEA-4F98-B9B4-84EACCB95AA2): 0
LogDevObjectVersion:   Dev-Platform (6631380F-2D4D-43E0-8009-CF276956A95A): 0
LogDevObjectVersion:   Dev-Rendering (12F88B9F-8875-4AFC-A67C-D90C383ABD29): 20
LogDevObjectVersion:   Dev-Sequencer (7B5AE74C-D270-4C10-A958-57980B212A5A): 4
LogDevObjectVersion:   Dev-VR (D7296918-1DD6-4BDD-9DE2-64A83CC13884): 0
LogDevObjectVersion:   Dev-LoadTimes (C2A15278-BFE7-4AFE-6C17-90FF531DF755): 1
LogDevObjectVersion:   Private-Geometry (6EACA3D4-40EC-4CC1-B786-8BED09428FC5): 1
LogDevObjectVersion:   Dev-AnimPhys (29E575DD-E0A3-4627-9D10-D276232CDCEA): 12
LogInit: Compiled (64-bit): Jan 12 2018 02:04:55
LogInit: Compiled with Visual C++: 19.00.24215.01
LogInit: Build Configuration: Development
LogInit: Branch Name: ++UE4+Release-4.18
LogInit: Command line: -EpicPortal 
LogInit: Base directory: E:/Program Files/Epic Games/UE_4.18/Engine/Binaries/Win64/
LogInit: Installed Engine Build: 1
LogInit: Presizing for max 8388607 objects, including 0 objects not considered by GC, pre-allocating 0 bytes for permanent pool.
LogInit: Object subsystem initialized
[2018.07.08-17.24.34:221][  0]LogInit: Selected Device Profile: [Windows]
[2018.07.08-17.24.34:222][  0]LogInit: Applying CVar settings loaded from the selected device profile: [Windows]
[2018.07.08-17.24.34:240][  0]LogInit: Computer: PEARL
[2018.07.08-17.24.34:240][  0]LogInit: User: Mrgds2
[2018.07.08-17.24.34:240][  0]LogInit: CPU Page size=4096, Cores=3
[2018.07.08-17.24.34:240][  0]LogInit: High frequency timer resolution =3.429441 MHz
[2018.07.08-17.24.34:241][  0]LogMemory: Memory total: Physical=7.9GB (8GB approx)
[2018.07.08-17.24.34:241][  0]LogMemory: Platform Memory Stats for Windows
[2018.07.08-17.24.34:241][  0]LogMemory: Process Physical Memory: 272.10 MB used, 272.10 MB peak
[2018.07.08-17.24.34:241][  0]LogMemory: Process Virtual Memory: 269.72 MB used, 269.72 MB peak
[2018.07.08-17.24.34:241][  0]LogMemory: Physical Memory: 5754.20 MB used,  2338.67 MB free, 8092.87 MB total
[2018.07.08-17.24.34:241][  0]LogMemory: Virtual Memory: 4777.16 MB used,  2338.67 MB free, 134217728.00 MB total
[2018.07.08-17.24.34:575][  0]LogInit: Using OS detected language (en-US).
[2018.07.08-17.24.34:576][  0]LogInit: Using OS detected locale (en-US).
[2018.07.08-17.24.34:580][  0]LogTextLocalizationManager: No specific localization for 'en-US' exists, so the 'en' localization will be used.
[2018.07.08-17.24.35:173][  0]LogInit: Setting process to per monitor DPI aware
[2018.07.08-17.24.35:576][  0]LogD3D11RHI: D3D11 adapters:
[2018.07.08-17.24.35:648][  0]LogD3D11RHI:    0. 'NVIDIA GeForce GTX 970' (Feature Level 11_0)
[2018.07.08-17.24.35:648][  0]LogD3D11RHI:       4058/0/4046 MB DedicatedVideo/DedicatedSystem/SharedSystem, Outputs:2, VendorId:0x10de
[2018.07.08-17.24.35:650][  0]LogD3D11RHI:    1. 'Microsoft Basic Render Driver' (Feature Level 11_0)
[2018.07.08-17.24.35:650][  0]LogD3D11RHI:       0/0/4046 MB DedicatedVideo/DedicatedSystem/SharedSystem, Outputs:0, VendorId:0x1414
[2018.07.08-17.24.35:650][  0]LogD3D11RHI: Chosen D3D11 Adapter: 0
[2018.07.08-17.24.35:661][  0]LogD3D11RHI: Creating new Direct3DDevice
[2018.07.08-17.24.35:661][  0]LogD3D11RHI:     GPU DeviceId: 0x13c2 (for the marketing name, search the web for "GPU Device Id")
[2018.07.08-17.24.35:661][  0]LogWindows: EnumDisplayDevices:
[2018.07.08-17.24.35:661][  0]LogWindows:    0. 'NVIDIA GeForce GTX 970' (P:0 D:1)
[2018.07.08-17.24.35:662][  0]LogWindows:    1. 'NVIDIA GeForce GTX 970' (P:1 D:1)
[2018.07.08-17.24.35:662][  0]LogWindows:    2. 'NVIDIA GeForce GTX 970' (P:0 D:0)
[2018.07.08-17.24.35:662][  0]LogWindows:    3. 'NVIDIA GeForce GTX 970' (P:0 D:0)
[2018.07.08-17.24.35:662][  0]LogWindows: DebugString: GetVideoDriverDetailsInvalid PrimaryIsNotTheChoosenAdapter GetVideoDriverDetailsInvalid PrimaryIsNotTheChoosenAdapter GetVideoDriverDetailsInvalid PrimaryIsNotTheChoosenAdapter GetVideoDriverDetailsInvalid PrimaryIsNotTheChoosenAdapter FoundDriverCount:0 
[2018.07.08-17.24.35:662][  0]LogD3D11RHI:     Adapter Name: NVIDIA GeForce GTX 970
[2018.07.08-17.24.35:662][  0]LogD3D11RHI:   Driver Version: Unknown (internal:Unknown, unified:Unknown)
[2018.07.08-17.24.35:662][  0]LogD3D11RHI:      Driver Date: Unknown
[2018.07.08-17.24.35:662][  0]LogRHI: Texture pool is 2840 MB (70% of 4058 MB)
[2018.07.08-17.24.35:722][  0]LogD3D11RHI: Async texture creation enabled
[2018.07.08-17.24.35:833][  0]LogD3D11RHI: GPU Timing Frequency: 1000.000000 (Debug: 2 2)
[2018.07.08-17.24.35:933][  0]LogShaderCompilers: Guid format shader working directory is 1 characters bigger than the processId version (../../../../../../Documents/GitHub/W.A.V/WAV/Intermediate/Shaders/WorkingDirectory/11072/).
[2018.07.08-17.24.35:933][  0]LogShaderCompilers: Cleaned the shader compiler working directory 'C:/Users/Mrgds/AppData/Local/Temp/UnrealShaderWorkingDir/7EF2A70C4F33E286FC00DE8882E659B4/'.
[2018.07.08-17.24.35:934][  0]LogShaderCompilers: Display: Using Local Shader Compiler.
[2018.07.08-17.24.37:886][  0]LogTemp: Display: Loaded TP AllDesktopTargetPlatform
[2018.07.08-17.24.38:108][  0]LogTemp: Display: Loaded TP MacClientTargetPlatform
[2018.07.08-17.24.38:250][  0]LogTemp: Display: Loaded TP MacNoEditorTargetPlatform
[2018.07.08-17.24.38:403][  0]LogTemp: Display: Loaded TP MacServerTargetPlatform
[2018.07.08-17.24.38:530][  0]LogTemp: Display: Loaded TP MacTargetPlatform
[2018.07.08-17.24.38:647][  0]LogTemp: Display: Loaded TP WindowsClientTargetPlatform
[2018.07.08-17.24.38:782][  0]LogTemp: Display: Loaded TP WindowsNoEditorTargetPlatform
[2018.07.08-17.24.38:913][  0]LogTemp: Display: Loaded TP WindowsServerTargetPlatform
[2018.07.08-17.24.39:027][  0]LogTemp: Display: Loaded TP WindowsTargetPlatform
[2018.07.08-17.24.39:139][  0]LogTemp: Display: Loaded TP Android_ASTCTargetPlatform
[2018.07.08-17.24.39:261][  0]LogTemp: Display: Loaded TP Android_ATCTargetPlatform
[2018.07.08-17.24.39:368][  0]LogTemp: Display: Loaded TP Android_DXTTargetPlatform
[2018.07.08-17.24.39:476][  0]LogTemp: Display: Loaded TP Android_ETC1TargetPlatform
[2018.07.08-17.24.39:594][  0]LogTemp: Display: Loaded TP Android_ETC2TargetPlatform
[2018.07.08-17.24.39:813][  0]LogTemp: Display: Loaded TP Android_MultiTargetPlatform
[2018.07.08-17.24.39:813][  0]LogTemp: Display: Loaded TP Android_PVRTCTargetPlatform
[2018.07.08-17.24.39:930][  0]LogTemp: Display: Loaded TP AndroidTargetPlatform
[2018.07.08-17.24.40:022][  0]LogTemp: Display: Loaded TP HTML5TargetPlatform
[2018.07.08-17.24.40:196][  0]LogTemp: Display: Loaded TP IOSTargetPlatform
[2018.07.08-17.24.40:258][  0]LogTemp: Display: Loaded TP TVOSTargetPlatform
[2018.07.08-17.24.40:376][  0]LogTemp: Display: Loaded TP LinuxClientTargetPlatform
[2018.07.08-17.24.40:485][  0]LogTemp: Display: Loaded TP LinuxNoEditorTargetPlatform
[2018.07.08-17.24.40:593][  0]LogTemp: Display: Loaded TP LinuxServerTargetPlatform
[2018.07.08-17.24.40:699][  0]LogTemp: Display: Loaded TP LinuxTargetPlatform
[2018.07.08-17.24.40:699][  0]LogTargetPlatformManager: Display: Building Assets For Windows
[2018.07.08-17.24.41:778][  0]LogDerivedDataCache: Display: Max Cache Size: 512 MB
[2018.07.08-17.24.41:942][  0]LogDerivedDataCache: Loaded boot cache 0.16s 78MB C:/Users/Mrgds/AppData/Local/UnrealEngine/4.18/DerivedDataCache/Boot.ddc.
[2018.07.08-17.24.41:942][  0]LogDerivedDataCache: Display: Loaded Boot cache: C:/Users/Mrgds/AppData/Local/UnrealEngine/4.18/DerivedDataCache/Boot.ddc
[2018.07.08-17.24.41:942][  0]LogDerivedDataCache: FDerivedDataBackendGraph:  Pak pak cache file ../../../../../../Documents/GitHub/W.A.V/WAV/DerivedDataCache/DDC.ddp not found, will not use a pak cache.
[2018.07.08-17.24.41:942][  0]LogDerivedDataCache: Unable to find inner node Pak for hierarchical cache Hierarchy.
[2018.07.08-17.24.41:942][  0]LogDerivedDataCache: FDerivedDataBackendGraph:  CompressedPak pak cache file ../../../../../../Documents/GitHub/W.A.V/WAV/DerivedDataCache/Compressed.ddp not found, will not use a pak cache.
[2018.07.08-17.24.41:942][  0]LogDerivedDataCache: Unable to find inner node CompressedPak for hierarchical cache Hierarchy.
[2018.07.08-17.24.41:968][  0]LogDerivedDataCache: Display: Pak cache opened for reading ../../../Engine/DerivedDataCache/Compressed.ddp.
[2018.07.08-17.24.41:981][  0]LogDerivedDataCache: Using Local data cache path C:/Users/Mrgds/AppData/Local/UnrealEngine/Common/DerivedDataCache: Writable
[2018.07.08-17.24.42:000][  0]LogMaterial: Verifying Global Shaders for PCD3D_SM5
[2018.07.08-17.24.42:000][  0]LogSlate: Using Freetype 2.6.0
[2018.07.08-17.24.42:001][  0]LogSlate: SlateFontCache - WITH_FREETYPE: 1, WITH_HARFBUZZ: 1
[2018.07.08-17.24.42:001][  0]LogSlate: SlateFontCache - WITH_FREETYPE: 1, WITH_HARFBUZZ: 1
[2018.07.08-17.24.42:668][  0]LogInit: Selected Device Profile: [Windows]
[2018.07.08-17.24.43:356][  0]LogSimplygon: Simplygon DLL not present - disabling.
[2018.07.08-17.24.43:449][  0]LogMeshReduction: Using SimplygonSwarm for distributed automatic mesh merging
[2018.07.08-17.24.43:449][  0]LogMeshReduction: Using QuadricMeshReduction for automatic static mesh reduction
[2018.07.08-17.24.43:449][  0]LogMeshReduction: No automatic skeletal mesh reduction module available
[2018.07.08-17.24.43:449][  0]LogMeshReduction: No automatic mesh merging module available
[2018.07.08-17.24.43:449][  0]LogMeshMerging: No automatic mesh merging module available
[2018.07.08-17.24.43:504][  0]LogNetVersion: WAV , NetCL: 3709383, EngineNetVer: 2, GameNetVer: 0 (Checksum: 2711260497)
[2018.07.08-17.24.43:797][  0]LogAssetRegistry: FAssetRegistry took 0.0305 seconds to start up
[2018.07.08-17.24.44:699][  0]LogPackageLocalizationCache: Processed 7 localized package path(s) for 2 prioritized culture(s) in 0.086462 seconds
[2018.07.08-17.24.44:707][  0]LogUObjectArray: 35870 objects as part of root set at end of initial load.
[2018.07.08-17.24.44:707][  0]LogUObjectAllocator: 7363696 out of 0 bytes used by permanent object pool.
[2018.07.08-17.24.44:707][  0]LogUObjectArray: CloseDisregardForGC: 0/0 objects in disregard for GC pool
[2018.07.08-17.24.44:833][  0]LogInit: WinSock: version 1.1 (2.2), MaxSocks=32767, MaxUdp=65467
[2018.07.08-17.24.50:136][  0]LogTcpMessaging: Initializing TcpMessaging bridge
[2018.07.08-17.24.50:223][  0]LogUdpMessaging: Initializing bridge on interface 0.0.0.0:0 to multicast group 230.0.0.1:6666.
[2018.07.08-17.24.51:572][  0]LogMaterial: Uniform references updated for custom material expression Custom.
[2018.07.08-17.24.52:427][  0]SourceControl: Source control is disabled
[2018.07.08-17.24.52:427][  0]SourceControl: Source control is disabled
[2018.07.08-17.24.52:547][  0]SourceControl: Source control is disabled
[2018.07.08-17.24.52:663][  0]SourceControl: Source control is disabled
[2018.07.08-17.24.54:454][  0]LogAndroidPermission: UAndroidPermissionCallbackProxy::GetInstance
[2018.07.08-17.24.55:008][  0]LogOcInput: OculusInput pre-init called
[2018.07.08-17.24.55:590][  0]LogEngine: Initializing Engine...
[2018.07.08-17.24.55:597][  0]LogHMD: Failed to initialize OpenVR with code 105
[2018.07.08-17.24.55:999][  0]LogStats: UGameplayTagsManager::ConstructGameplayTagTree: Construct from data asset -  0.000 s
[2018.07.08-17.24.56:000][  0]LogStats: UGameplayTagsManager::ConstructGameplayTagTree: GameplayTagTreeChangedEvent.Broadcast -  0.000 s
[2018.07.08-17.24.56:258][  0]LogAIModule: Creating AISystem for world Untitled
[2018.07.08-17.24.56:290][  0]LogInit: XAudio2 using 'Speakers (Razer Surround Audio Controller)' : 6 channels at 48 kHz using 16 bits per sample (channel mask 0x3f)
[2018.07.08-17.24.56:305][  0]LogInit: FAudioDevice initialized.
[2018.07.08-17.24.56:426][  0]LogDerivedDataCache: Saved boot cache 0.12s 78MB C:/Users/Mrgds/AppData/Local/UnrealEngine/4.18/DerivedDataCache/Boot.ddc.
[2018.07.08-17.24.56:470][  0]LogInit: Texture streaming: Enabled
[2018.07.08-17.24.56:687][  0]LogEngineSessionManager: EngineSessionManager initialized
[2018.07.08-17.24.56:957][  0]LogInit: Transaction tracking system initialized
[2018.07.08-17.24.57:613][  0]BlueprintLog: New page: Editor Load
[2018.07.08-17.24.59:532][  0]LocalizationService: Localization service is disabled
[2018.07.08-17.25.01:057][  0]LogConsoleResponse: Display: 
[2018.07.08-17.25.01:357][  0]LogCook: Display: Max memory allowance for cook 16384mb min free memory 0mb
[2018.07.08-17.25.01:357][  0]LogCook: Display: Mobile HDR setting 1
[2018.07.08-17.25.01:357][  0]LogGameplayTags: Display: UGameplayTagsManager::DoneAddingNativeTags. DelegateIsBound: 0
[2018.07.08-17.25.01:727][  0]LogFileCache: Scanning file cache for directory 'E:/Documents/GitHub/W.A.V/WAV/Content/' took 0.02s
[2018.07.08-17.25.03:951][  0]SourceControl: Source control is disabled
[2018.07.08-17.25.03:951][  0]Cmd: MAP LOAD FILE="../../../../../../Documents/GitHub/W.A.V/WAV/Content/StarterContent/Maps/Minimal_Default.umap" TEMPLATE=0 SHOWPROGRESS=1 FEATURELEVEL=3
[2018.07.08-17.25.03:952][  0]LightingResults: New page: Lighting Build
[2018.07.08-17.25.04:033][  0]MapCheck: New page: Map Check
[2018.07.08-17.25.04:033][  0]LightingResults: New page: Lighting Build
[2018.07.08-17.25.04:574][  0]LogAIModule: Creating AISystem for world Minimal_Default
[2018.07.08-17.25.04:586][  0]LogEditorServer: Finished looking for orphan Actors (0.000 secs)
[2018.07.08-17.25.04:611][  0]Cmd: MAP CHECKDEP NOCLEARLOG
[2018.07.08-17.25.04:703][  0]MapCheck: Map check complete: 0 Error(s), 0 Warning(s), took 92.636ms to complete.
[2018.07.08-17.25.04:704][  0]LogFileHelpers: Loading map 'Minimal_Default' took 0.752
[2018.07.08-17.25.05:028][  0]LogCollectionManager: Loaded 0 collections in 0.003049 seconds
[2018.07.08-17.25.05:158][  0]LogFileCache: Scanning file cache for directory 'E:/Documents/GitHub/W.A.V/WAV/Saved/Collections/' took 0.01s
[2018.07.08-17.25.05:158][  0]LogFileCache: Scanning file cache for directory 'E:/Documents/GitHub/W.A.V/WAV/Content/Developers/Mrgds2/Collections/' took 0.01s
[2018.07.08-17.25.05:158][  0]LogFileCache: Scanning file cache for directory 'E:/Documents/GitHub/W.A.V/WAV/Content/Collections/' took 0.01s
[2018.07.08-17.25.05:158][  0]LogCollectionManager: Rebuilt the GUID cache for 0 collections in 0.000001 seconds
[2018.07.08-17.25.05:172][  0]LogContentBrowser: Native class hierarchy populated in 0.0138 seconds. Added 2364 classes and 521 folders.
[2018.07.08-17.25.05:303][  0]LogContentBrowser: Native class hierarchy updated for 'WidgetCarousel' in 0.0003 seconds. Added 0 classes and 0 folders.
[2018.07.08-17.25.05:373][  0]LogContentBrowser: Native class hierarchy updated for 'AddContentDialog' in 0.0003 seconds. Added 0 classes and 0 folders.
[2018.07.08-17.25.05:463][  0]LogSlate: Took 0.000501 seconds to synchronously load lazily loaded font '../../../Engine/Content/Slate/Fonts/Roboto-Regular.ttf' (155K)
[2018.07.08-17.25.05:467][  0]LogSlate: Took 0.000575 seconds to synchronously load lazily loaded font '../../../Engine/Content/Slate/Fonts/Roboto-Bold.ttf' (160K)
[2018.07.08-17.25.05:476][  0]LogSlate: Took 0.000393 seconds to synchronously load lazily loaded font '../../../Engine/Content/Editor/Slate/Fonts/FontAwesome.ttf' (139K)
[2018.07.08-17.25.05:616][  0]LogRenderer: Reallocating scene render targets to support 1200x688 Format 10 NumSamples 1 (Frame:1).
[2018.07.08-17.25.05:875][  0]LogContentBrowser: Native class hierarchy updated for 'HierarchicalLODOutliner' in 0.0003 seconds. Added 1 classes and 2 folders.
[2018.07.08-17.25.05:876][  0]LogLoad: (Engine Initialization) Total time: 36.30 seconds
[2018.07.08-17.25.05:876][  0]LogLoad: (Engine Initialization) Total Blueprint compile time: 0.00 seconds
[2018.07.08-17.25.05:876][  0]LogExternalProfiler: Found external profiler: VSPerf
[2018.07.08-17.25.05:876][  0]LogExternalProfiler: Using external profiler: VSPerf
[2018.07.08-17.25.05:885][  0]LogWindowsTextInputMethodSystem: Display: IME system now deactivated.
[2018.07.08-17.25.05:908][  0]LogContentStreaming: Texture pool size now 1000 MB
[2018.07.08-17.25.05:955][  0]LogSlate: Took 0.000348 seconds to synchronously load lazily loaded font '../../../Engine/Content/Slate/Fonts/Roboto-Light.ttf' (159K)
[2018.07.08-17.25.05:974][  1]LogAssetRegistry: Asset discovery search completed in 22.2010 seconds
[2018.07.08-17.25.05:977][  1]LogCollectionManager: Rebuilt the object cache for 0 collections in 0.000001 seconds (found 0 objects)
[2018.07.08-17.25.05:978][  1]LogCollectionManager: Fixed up redirectors for 0 collections in 0.000084 seconds (updated 0 objects)
[2018.07.08-17.25.54:444][842]LogSlate: Took 0.000234 seconds to synchronously load lazily loaded font '../../../Engine/Content/Slate/Fonts/Roboto-Light.ttf' (159K)
[2018.07.08-17.25.54:967][842]LogAIModule: Creating AISystem for world WAV01
[2018.07.08-17.25.55:021][842]Cmd: MAP LOAD FILE="../../../../../../Documents/GitHub/W.A.V/WAV/Content/WAV01.umap" TEMPLATE=0 SHOWPROGRESS=1 FEATURELEVEL=3
[2018.07.08-17.25.55:021][842]LightingResults: New page: Lighting Build
[2018.07.08-17.25.55:022][842]LoadErrors: New page: Loading map: WAV01.umap
[2018.07.08-17.25.55:023][842]MapCheck: New page: Map Check
[2018.07.08-17.25.55:023][842]LightingResults: New page: Lighting Build
[2018.07.08-17.25.55:312][842]LogEditorServer: Finished looking for orphan Actors (0.000 secs)
[2018.07.08-17.25.55:354][842]Cmd: MAP CHECKDEP NOCLEARLOG
[2018.07.08-17.25.55:441][842]MapCheck: Map check complete: 0 Error(s), 0 Warning(s), took 87.721ms to complete.
[2018.07.08-17.25.55:441][842]LogFileHelpers: Loading map 'WAV01' took 0.421
[2018.07.08-17.34.03:791][739]LogTexture: Display: Building textures: Texture2D_2 (G8, 128X128)
[2018.07.08-17.38.23:995][101]LogTexture: Display: Building textures: Texture2D_0 (BGRA8, 512X512)
[2018.07.08-17.38.24:029][101]LogTexture: Display: Building textures: Texture2D_1 (BGRA8, 512X512)
[2018.07.08-17.38.24:053][101]LogTexture: Display: Building textures: Texture2D_2 (BGRA8, 512X512)
[2018.07.08-17.38.24:074][101]LogTexture: Display: Building textures: Texture2D_3 (BGRA8, 512X512)
[2018.07.08-17.38.24:096][101]LogTexture: Display: Building textures: Texture2D_4 (BGRA8, 512X512)
[2018.07.08-17.38.24:118][101]LogTexture: Display: Building textures: Texture2D_5 (BGRA8, 512X512)
[2018.07.08-17.38.24:140][101]LogTexture: Display: Building textures: Texture2D_6 (BGRA8, 512X512)
[2018.07.08-17.38.24:162][101]LogTexture: Display: Building textures: Texture2D_7 (BGRA8, 512X512)
[2018.07.08-17.38.24:184][101]LogTexture: Display: Building textures: Texture2D_8 (BGRA8, 512X512)
[2018.07.08-17.38.24:206][101]LogTexture: Display: Building textures: Texture2D_9 (BGRA8, 512X512)
[2018.07.08-17.38.24:227][101]LogTexture: Display: Building textures: Texture2D_10 (BGRA8, 512X512)
[2018.07.08-17.38.24:248][101]LogTexture: Display: Building textures: Texture2D_11 (BGRA8, 512X512)
[2018.07.08-17.38.24:270][101]LogTexture: Display: Building textures: Texture2D_12 (BGRA8, 512X512)
[2018.07.08-17.38.24:290][101]LogTexture: Display: Building textures: Texture2D_13 (BGRA8, 512X512)
[2018.07.08-17.38.24:312][101]LogTexture: Display: Building textures: Texture2D_14 (BGRA8, 512X512)
[2018.07.08-17.38.24:334][101]LogTexture: Display: Building textures: Texture2D_15 (BGRA8, 512X512)
[2018.07.08-17.39.13:298][951]MapCheck: New page: Map Check
[2018.07.08-17.39.13:354][951]LightingResults: New page: Lighting Build - Jul 8, 2018, 9:39:13 AM
[2018.07.08-17.39.13:724][951]LogSwarmInterface: [OpenConnection] Registering TCP channel ...
[2018.07.08-17.39.13:999][951]LogSwarmInterface: [OpenConnection] Connecting to agent ...
[2018.07.08-17.39.14:021][951]LogSwarmInterface: [TryOpenConnection] Testing the Agent
[2018.07.08-17.39.15:052][951]LogSwarmInterface: [TryOpenConnection] Opening Connection to Agent
[2018.07.08-17.39.15:053][951]LogSwarmInterface: [TryOpenConnection] Local Process ID is 11072
[2018.07.08-17.39.20:925][951]LogStaticLightingSystem: Running Lightmass w/ ImmediateImport mode ENABLED
[2018.07.08-17.39.20:925][951]LogStaticLightingSystem: Running Lightmass w/ ImmediateProcess mode ENABLED
[2018.07.08-17.39.20:925][951]LogStaticLightingSystem: Running Lightmass w/ Sorting mode ENABLED
[2018.07.08-17.39.20:925][951]LogStaticLightingSystem: Running Lightmass w/ Mapping paddings ENABLED
[2018.07.08-17.39.20:925][951]LogStaticLightingSystem: Running Lightmass w/ Mapping debug paddings DISABLED
[2018.07.08-17.39.21:437][951]LogEditorBuildUtils: Build time 0:08
[2018.07.08-17.39.56:828][646]LogSlate: Took 0.000364 seconds to synchronously load lazily loaded font '../../../Engine/Content/Slate/Fonts/Roboto-Light.ttf' (159K)
[2018.07.08-17.40.05:959][179]Cmd: OBJ SAVEPACKAGE PACKAGE="/Game/WAV01" FILE="../../../../../../Documents/GitHub/W.A.V/WAV/Saved/Autosaves/Game/WAV01_Auto1.umap" SILENT=true AUTOSAVING=true KEEPDIRTY=false
[2018.07.08-17.40.06:662][179]LogSavePackage: Save=648.17ms
[2018.07.08-17.40.06:663][179]LogSavePackage: Moving '../../../../../../Documents/GitHub/W.A.V/WAV/Saved/WAV01_Auto16C4AAEFB43F450336E933B9A45B08F15.tmp' to '../../../../../../Documents/GitHub/W.A.V/WAV/Saved/Autosaves/Game/WAV01_Auto1.umap'
[2018.07.08-17.40.06:664][179]LogSavePackage: Display: Finished SavePackage ../../../../../../Documents/GitHub/W.A.V/WAV/Saved/Autosaves/Game/WAV01_Auto1.umap
[2018.07.08-17.40.06:701][179]LogFileHelpers: Editor autosave (incl. sublevels) for '/Game/WAV01' took 0.844
[2018.07.08-17.40.06:701][179]LogFileHelpers: Editor autosave (incl. sublevels) for all levels took 0.844
[2018.07.08-17.49.22:920][511]Job is a success!
[2018.07.08-17.49.24:196][512]LogVolumetricLightmapImport: Imported Volumetric Lightmap in 0.039s
[2018.07.08-17.49.24:196][512]LogVolumetricLightmapImport:      Indirection Texture 16x16x16 = 0.0Mb
[2018.07.08-17.49.24:196][512]LogVolumetricLightmapImport:      BrickData 15x5x5 = 0.0Mb
[2018.07.08-17.49.24:196][512]LogVolumetricLightmapImport:      Bricks at Level
[2018.07.08-17.49.24:196][512]LogVolumetricLightmapImport:          0: 33.3% covering 100.0% of volume
[2018.07.08-17.49.24:196][512]LogVolumetricLightmapImport:          1: 33.3% covering 1.6% of volume
[2018.07.08-17.49.24:196][512]LogVolumetricLightmapImport:          2: 33.3% covering 0.0% of volume
[2018.07.08-17.49.39:208][512]LogTexture: Display: Building textures: HQ_Lightmap0_1 (AutoDXT, 512X512)
[2018.07.08-17.49.39:208][512]LogTexture: Display: Building textures: LQ_Lightmap_0_1 (DXT1, 512X512)
[2018.07.08-17.49.39:208][512]LogTexture: Display: Building textures: HQ_Lightmap0_2 (AutoDXT, 512X512)
[2018.07.08-17.49.39:208][512]LogTexture: Display: Building textures: LQ_Lightmap_0_2 (DXT1, 512X512)
[2018.07.08-17.49.39:208][512]LogTexture: Display: Building textures: HQ_Lightmap0_3 (AutoDXT, 512X512)
[2018.07.08-17.49.39:208][512]LogTexture: Display: Building textures: LQ_Lightmap_0_3 (DXT1, 512X512)
[2018.07.08-17.49.39:208][512]LogTexture: Display: Building textures: HQ_Lightmap0_4 (AutoDXT, 512X512)
[2018.07.08-17.49.39:208][512]LogTexture: Display: Building textures: LQ_Lightmap_0_4 (DXT1, 512X512)
[2018.07.08-17.49.39:208][512]LogTexture: Display: Building textures: HQ_Lightmap0_5 (AutoDXT, 512X512)
[2018.07.08-17.49.39:208][512]LogTexture: Display: Building textures: LQ_Lightmap_0_5 (DXT1, 512X512)
[2018.07.08-17.49.39:208][512]LogTexture: Display: Building textures: HQ_Lightmap0_6 (AutoDXT, 512X512)
[2018.07.08-17.49.39:208][512]LogTexture: Display: Building textures: LQ_Lightmap_0_6 (DXT1, 512X512)
[2018.07.08-17.49.39:208][512]LogTexture: Display: Building textures: HQ_Lightmap0_7 (AutoDXT, 512X512)
[2018.07.08-17.49.39:208][512]LogTexture: Display: Building textures: LQ_Lightmap_0_7 (DXT1, 512X512)
[2018.07.08-17.49.39:208][512]LogTexture: Display: Building textures: HQ_Lightmap0_8 (AutoDXT, 512X512)
[2018.07.08-17.49.39:208][512]LogTexture: Display: Building textures: LQ_Lightmap_0_8 (DXT1, 512X512)
[2018.07.08-17.49.39:208][512]LogTexture: Display: Building textures: HQ_Lightmap0_9 (AutoDXT, 512X512)
[2018.07.08-17.49.39:208][512]LogTexture: Display: Building textures: LQ_Lightmap_0_9 (DXT1, 512X512)
[2018.07.08-17.49.39:208][512]LogTexture: Display: Building textures: HQ_Lightmap0_10 (AutoDXT, 512X512)
[2018.07.08-17.49.39:208][512]LogTexture: Display: Building textures: LQ_Lightmap_0_10 (DXT1, 512X512)
[2018.07.08-17.49.39:209][512]LogTexture: Display: Building textures: HQ_Lightmap0_11 (AutoDXT, 512X512)
[2018.07.08-17.49.39:209][512]LogTexture: Display: Building textures: LQ_Lightmap_0_11 (DXT1, 512X512)
[2018.07.08-17.49.39:209][512]LogTexture: Display: Building textures: HQ_Lightmap0_12 (AutoDXT, 512X512)
[2018.07.08-17.49.39:209][512]LogTexture: Display: Building textures: LQ_Lightmap_0_12 (DXT1, 512X512)
[2018.07.08-17.49.39:209][512]LogTexture: Display: Building textures: HQ_Lightmap0_13 (AutoDXT, 512X512)
[2018.07.08-17.49.39:209][512]LogTexture: Display: Building textures: LQ_Lightmap_0_13 (DXT1, 512X512)
[2018.07.08-17.49.39:209][512]LogTexture: Display: Building textures: HQ_Lightmap0_14 (AutoDXT, 512X512)
[2018.07.08-17.49.39:209][512]LogTexture: Display: Building textures: LQ_Lightmap_0_14 (DXT1, 512X512)
[2018.07.08-17.49.39:209][512]LogTexture: Display: Building textures: HQ_Lightmap0_15 (AutoDXT, 512X512)
[2018.07.08-17.49.39:209][512]LogTexture: Display: Building textures: LQ_Lightmap_0_15 (DXT1, 512X512)
[2018.07.08-17.49.39:209][512]LogTexture: Display: Building textures: HQ_Lightmap0_16 (AutoDXT, 512X512)
[2018.07.08-17.49.39:209][512]LogTexture: Display: Building textures: LQ_Lightmap_0_16 (DXT1, 512X512)
[2018.07.08-17.49.39:209][512]LogTexture: Display: Building textures: HQ_Lightmap0_17 (AutoDXT, 512X512)
[2018.07.08-17.49.39:209][512]LogTexture: Display: Building textures: LQ_Lightmap_0_17 (DXT1, 512X512)
[2018.07.08-17.49.39:209][512]LogTexture: Display: Building textures: HQ_Lightmap0_18 (AutoDXT, 512X512)
[2018.07.08-17.49.39:209][512]LogTexture: Display: Building textures: LQ_Lightmap_0_18 (DXT1, 512X512)
[2018.07.08-17.49.39:209][512]LogTexture: Display: Building textures: HQ_Lightmap0_19 (AutoDXT, 512X512)
[2018.07.08-17.49.39:209][512]LogTexture: Display: Building textures: LQ_Lightmap_0_19 (DXT1, 512X512)
[2018.07.08-17.49.39:209][512]LogTexture: Display: Building textures: HQ_Lightmap0_20 (AutoDXT, 512X512)
[2018.07.08-17.49.39:209][512]LogTexture: Display: Building textures: LQ_Lightmap_0_20 (DXT1, 512X512)
[2018.07.08-17.49.39:210][512]LogTexture: Display: Building textures: HQ_Lightmap0_21 (AutoDXT, 512X512)
[2018.07.08-17.49.39:210][512]LogTexture: Display: Building textures: LQ_Lightmap_0_21 (DXT1, 512X512)
[2018.07.08-17.49.39:210][512]LogTexture: Display: Building textures: HQ_Lightmap0_22 (AutoDXT, 512X512)
[2018.07.08-17.49.39:210][512]LogTexture: Display: Building textures: LQ_Lightmap_0_22 (DXT1, 512X512)
[2018.07.08-17.49.39:210][512]LogTexture: Display: Building textures: HQ_Lightmap0_23 (AutoDXT, 512X512)
[2018.07.08-17.49.39:210][512]LogTexture: Display: Building textures: LQ_Lightmap_0_23 (DXT1, 512X512)
[2018.07.08-17.49.39:210][512]LogTexture: Display: Building textures: HQ_Lightmap0_24 (AutoDXT, 512X512)
[2018.07.08-17.49.39:210][512]LogTexture: Display: Building textures: LQ_Lightmap_0_24 (DXT1, 512X512)
[2018.07.08-17.49.39:210][512]LogTexture: Display: Building textures: HQ_Lightmap0_25 (AutoDXT, 512X512)
[2018.07.08-17.49.39:210][512]LogTexture: Display: Building textures: LQ_Lightmap_0_25 (DXT1, 512X512)
[2018.07.08-17.49.39:210][512]LogTexture: Display: Building textures: HQ_Lightmap0_26 (AutoDXT, 512X512)
[2018.07.08-17.49.39:210][512]LogTexture: Display: Building textures: LQ_Lightmap_0_26 (DXT1, 512X512)
[2018.07.08-17.49.39:210][512]LogTexture: Display: Building textures: HQ_Lightmap0_27 (AutoDXT, 512X512)
[2018.07.08-17.49.39:210][512]LogTexture: Display: Building textures: LQ_Lightmap_0_27 (DXT1, 512X512)
[2018.07.08-17.49.39:210][512]LogTexture: Display: Building textures: HQ_Lightmap0_28 (AutoDXT, 512X512)
[2018.07.08-17.49.39:210][512]LogTexture: Display: Building textures: LQ_Lightmap_0_28 (DXT1, 512X512)
[2018.07.08-17.49.39:210][512]LogTexture: Display: Building textures: HQ_Lightmap0_29 (AutoDXT, 512X512)
[2018.07.08-17.49.39:210][512]LogTexture: Display: Building textures: LQ_Lightmap_0_29 (DXT1, 512X512)
[2018.07.08-17.49.39:210][512]LogTexture: Display: Building textures: HQ_Lightmap0_30 (AutoDXT, 512X512)
[2018.07.08-17.49.39:210][512]LogTexture: Display: Building textures: LQ_Lightmap_0_30 (DXT1, 512X512)
[2018.07.08-17.49.39:210][512]LogTexture: Display: Building textures: HQ_Lightmap0_31 (AutoDXT, 512X512)
[2018.07.08-17.49.39:210][512]LogTexture: Display: Building textures: LQ_Lightmap_0_31 (DXT1, 512X512)
[2018.07.08-17.49.39:210][512]LogTexture: Display: Building textures: HQ_Lightmap0_32 (AutoDXT, 512X512)
[2018.07.08-17.49.39:211][512]LogTexture: Display: Building textures: LQ_Lightmap_0_32 (DXT1, 512X512)
[2018.07.08-17.49.39:211][512]LogTexture: Display: Building textures: HQ_Lightmap0_33 (AutoDXT, 512X512)
[2018.07.08-17.49.39:211][512]LogTexture: Display: Building textures: LQ_Lightmap_0_33 (DXT1, 512X512)
[2018.07.08-17.49.39:211][512]LogTexture: Display: Building textures: HQ_Lightmap0_34 (AutoDXT, 512X512)
[2018.07.08-17.49.39:211][512]LogTexture: Display: Building textures: LQ_Lightmap_0_34 (DXT1, 512X512)
[2018.07.08-17.49.39:211][512]LogTexture: Display: Building textures: HQ_Lightmap0_35 (AutoDXT, 512X512)
[2018.07.08-17.49.39:211][512]LogTexture: Display: Building textures: LQ_Lightmap_0_35 (DXT1, 512X512)
[2018.07.08-17.49.39:211][512]LogTexture: Display: Building textures: HQ_Lightmap0_36 (AutoDXT, 512X512)
[2018.07.08-17.49.39:211][512]LogTexture: Display: Building textures: LQ_Lightmap_0_36 (DXT1, 512X512)
[2018.07.08-17.49.39:211][512]LogTexture: Display: Building textures: HQ_Lightmap0_37 (AutoDXT, 512X512)
[2018.07.08-17.49.39:211][512]LogTexture: Display: Building textures: LQ_Lightmap_0_37 (DXT1, 512X512)
[2018.07.08-17.49.39:211][512]LogTexture: Display: Building textures: HQ_Lightmap0_38 (AutoDXT, 512X512)
[2018.07.08-17.49.39:211][512]LogTexture: Display: Building textures: LQ_Lightmap_0_38 (DXT1, 512X512)
[2018.07.08-17.49.39:211][512]LogTexture: Display: Building textures: HQ_Lightmap0_39 (AutoDXT, 512X512)
[2018.07.08-17.49.39:211][512]LogTexture: Display: Building textures: LQ_Lightmap_0_39 (DXT1, 512X512)
[2018.07.08-17.49.39:211][512]LogTexture: Display: Building textures: HQ_Lightmap0_40 (AutoDXT, 512X512)
[2018.07.08-17.49.39:211][512]LogTexture: Display: Building textures: LQ_Lightmap_0_40 (DXT1, 512X512)
[2018.07.08-17.49.39:211][512]LogTexture: Display: Building textures: HQ_Lightmap0_41 (AutoDXT, 512X512)
[2018.07.08-17.49.39:211][512]LogTexture: Display: Building textures: LQ_Lightmap_0_41 (DXT1, 512X512)
[2018.07.08-17.49.39:212][512]LogTexture: Display: Building textures: HQ_Lightmap0_42 (AutoDXT, 512X512)
[2018.07.08-17.49.39:212][512]LogTexture: Display: Building textures: LQ_Lightmap_0_42 (DXT1, 512X512)
[2018.07.08-17.49.39:212][512]LogTexture: Display: Building textures: HQ_Lightmap0_43 (AutoDXT, 512X512)
[2018.07.08-17.49.39:212][512]LogTexture: Display: Building textures: LQ_Lightmap_0_43 (DXT1, 512X512)
[2018.07.08-17.49.39:212][512]LogTexture: Display: Building textures: HQ_Lightmap0_44 (AutoDXT, 512X512)
[2018.07.08-17.49.39:212][512]LogTexture: Display: Building textures: LQ_Lightmap_0_44 (DXT1, 512X512)
[2018.07.08-17.49.39:212][512]LogTexture: Display: Building textures: HQ_Lightmap0_45 (AutoDXT, 512X512)
[2018.07.08-17.49.39:212][512]LogTexture: Display: Building textures: LQ_Lightmap_0_45 (DXT1, 512X512)
[2018.07.08-17.49.39:212][512]LogTexture: Display: Building textures: HQ_Lightmap0_46 (AutoDXT, 512X512)
[2018.07.08-17.49.39:212][512]LogTexture: Display: Building textures: LQ_Lightmap_0_46 (DXT1, 512X512)
[2018.07.08-17.49.39:212][512]LogTexture: Display: Building textures: HQ_Lightmap0_47 (AutoDXT, 512X512)
[2018.07.08-17.49.39:212][512]LogTexture: Display: Building textures: LQ_Lightmap_0_47 (DXT1, 512X512)
[2018.07.08-17.49.39:212][512]LogTexture: Display: Building textures: HQ_Lightmap0_48 (AutoDXT, 512X512)
[2018.07.08-17.49.39:212][512]LogTexture: Display: Building textures: LQ_Lightmap_0_48 (DXT1, 512X512)
[2018.07.08-17.49.39:212][512]LogTexture: Display: Building textures: HQ_Lightmap0_49 (AutoDXT, 512X512)
[2018.07.08-17.49.39:212][512]LogTexture: Display: Building textures: LQ_Lightmap_0_49 (DXT1, 512X512)
[2018.07.08-17.49.39:212][512]LogTexture: Display: Building textures: HQ_Lightmap0_50 (AutoDXT, 512X512)
[2018.07.08-17.49.39:212][512]LogTexture: Display: Building textures: LQ_Lightmap_0_50 (DXT1, 512X512)
[2018.07.08-17.49.39:212][512]LogTexture: Display: Building textures: HQ_Lightmap0_51 (AutoDXT, 512X512)
[2018.07.08-17.49.39:212][512]LogTexture: Display: Building textures: LQ_Lightmap_0_51 (DXT1, 512X512)
[2018.07.08-17.49.39:212][512]LogTexture: Display: Building textures: HQ_Lightmap0_52 (AutoDXT, 512X512)
[2018.07.08-17.49.39:212][512]LogTexture: Display: Building textures: LQ_Lightmap_0_52 (DXT1, 512X512)
[2018.07.08-17.49.39:212][512]LogTexture: Display: Building textures: HQ_Lightmap0_53 (AutoDXT, 512X512)
[2018.07.08-17.49.39:213][512]LogTexture: Display: Building textures: LQ_Lightmap_0_53 (DXT1, 512X512)
[2018.07.08-17.49.39:213][512]LogTexture: Display: Building textures: HQ_Lightmap0_54 (AutoDXT, 512X512)
[2018.07.08-17.49.39:213][512]LogTexture: Display: Building textures: LQ_Lightmap_0_54 (DXT1, 512X512)
[2018.07.08-17.49.39:213][512]LogTexture: Display: Building textures: HQ_Lightmap0_55 (AutoDXT, 512X512)
[2018.07.08-17.49.39:213][512]LogTexture: Display: Building textures: LQ_Lightmap_0_55 (DXT1, 512X512)
[2018.07.08-17.49.39:213][512]LogTexture: Display: Building textures: HQ_Lightmap0_56 (AutoDXT, 512X512)
[2018.07.08-17.49.39:213][512]LogTexture: Display: Building textures: LQ_Lightmap_0_56 (DXT1, 512X512)
[2018.07.08-17.49.39:213][512]LogTexture: Display: Building textures: HQ_Lightmap0_57 (AutoDXT, 512X512)
[2018.07.08-17.49.39:213][512]LogTexture: Display: Building textures: LQ_Lightmap_0_57 (DXT1, 512X512)
[2018.07.08-17.49.39:213][512]LogTexture: Display: Building textures: HQ_Lightmap0_58 (AutoDXT, 512X512)
[2018.07.08-17.49.39:213][512]LogTexture: Display: Building textures: LQ_Lightmap_0_58 (DXT1, 512X512)
[2018.07.08-17.49.39:213][512]LogTexture: Display: Building textures: HQ_Lightmap0_59 (AutoDXT, 512X512)
[2018.07.08-17.49.39:213][512]LogTexture: Display: Building textures: LQ_Lightmap_0_59 (DXT1, 512X512)
[2018.07.08-17.49.39:213][512]LogTexture: Display: Building textures: HQ_Lightmap0_60 (AutoDXT, 512X512)
[2018.07.08-17.49.39:213][512]LogTexture: Display: Building textures: LQ_Lightmap_0_60 (DXT1, 512X512)
[2018.07.08-17.49.39:213][512]LogTexture: Display: Building textures: HQ_Lightmap0_61 (AutoDXT, 512X512)
[2018.07.08-17.49.39:213][512]LogTexture: Display: Building textures: LQ_Lightmap_0_61 (DXT1, 512X512)
[2018.07.08-17.49.39:213][512]LogTexture: Display: Building textures: HQ_Lightmap0_62 (AutoDXT, 512X512)
[2018.07.08-17.49.39:213][512]LogTexture: Display: Building textures: LQ_Lightmap_0_62 (DXT1, 512X512)
[2018.07.08-17.49.39:213][512]LogTexture: Display: Building textures: HQ_Lightmap0_63 (AutoDXT, 512X512)
[2018.07.08-17.49.39:213][512]LogTexture: Display: Building textures: LQ_Lightmap_0_63 (DXT1, 512X512)
[2018.07.08-17.49.39:214][512]LogTexture: Display: Building textures: HQ_Lightmap0_64 (AutoDXT, 512X512)
[2018.07.08-17.49.39:214][512]LogTexture: Display: Building textures: LQ_Lightmap_0_64 (DXT1, 512X512)
[2018.07.08-17.49.39:214][512]LogTexture: Display: Building textures: HQ_Lightmap0_65 (AutoDXT, 64X64)
[2018.07.08-17.49.39:214][512]LogTexture: Display: Building textures: LQ_Lightmap_0_65 (DXT1, 64X64)
[2018.07.08-17.49.39:408][512]LogTexture: Display: Building textures: ShadowMapTexture2D_0 (G8, 256X256)
[2018.07.08-17.49.39:408][512]LogTexture: Display: Building textures: ShadowMapTexture2D_1 (G8, 256X256)
[2018.07.08-17.49.39:408][512]LogTexture: Display: Building textures: ShadowMapTexture2D_2 (G8, 256X256)
[2018.07.08-17.49.39:408][512]LogTexture: Display: Building textures: ShadowMapTexture2D_3 (G8, 256X256)
[2018.07.08-17.49.39:408][512]LogTexture: Display: Building textures: ShadowMapTexture2D_4 (G8, 256X256)
[2018.07.08-17.49.39:408][512]LogTexture: Display: Building textures: ShadowMapTexture2D_5 (G8, 256X256)
[2018.07.08-17.49.39:408][512]LogTexture: Display: Building textures: ShadowMapTexture2D_6 (G8, 256X256)
[2018.07.08-17.49.39:409][512]LogTexture: Display: Building textures: ShadowMapTexture2D_7 (G8, 256X256)
[2018.07.08-17.49.39:409][512]LogTexture: Display: Building textures: ShadowMapTexture2D_8 (G8, 256X256)
[2018.07.08-17.49.39:409][512]LogTexture: Display: Building textures: ShadowMapTexture2D_9 (G8, 256X256)
[2018.07.08-17.49.39:409][512]LogTexture: Display: Building textures: ShadowMapTexture2D_10 (G8, 256X256)
[2018.07.08-17.49.39:409][512]LogTexture: Display: Building textures: ShadowMapTexture2D_11 (G8, 256X256)
[2018.07.08-17.49.39:608][512]LogTexture: Display: Building textures: ShadowMapTexture2D_12 (G8, 256X256)
[2018.07.08-17.49.39:608][512]LogTexture: Display: Building textures: ShadowMapTexture2D_13 (G8, 256X256)
[2018.07.08-17.49.39:608][512]LogTexture: Display: Building textures: ShadowMapTexture2D_14 (G8, 256X256)
[2018.07.08-17.49.39:608][512]LogTexture: Display: Building textures: ShadowMapTexture2D_15 (G8, 256X256)
[2018.07.08-17.49.39:608][512]LogTexture: Display: Building textures: ShadowMapTexture2D_16 (G8, 256X256)
[2018.07.08-17.49.39:608][512]LogTexture: Display: Building textures: ShadowMapTexture2D_17 (G8, 256X256)
[2018.07.08-17.49.39:608][512]LogTexture: Display: Building textures: ShadowMapTexture2D_18 (G8, 256X256)
[2018.07.08-17.49.39:608][512]LogTexture: Display: Building textures: ShadowMapTexture2D_19 (G8, 256X256)
[2018.07.08-17.49.39:608][512]LogTexture: Display: Building textures: ShadowMapTexture2D_20 (G8, 256X256)
[2018.07.08-17.49.39:608][512]LogTexture: Display: Building textures: ShadowMapTexture2D_21 (G8, 256X256)
[2018.07.08-17.49.39:608][512]LogTexture: Display: Building textures: ShadowMapTexture2D_22 (G8, 256X256)
[2018.07.08-17.49.39:608][512]LogTexture: Display: Building textures: ShadowMapTexture2D_23 (G8, 256X256)
[2018.07.08-17.49.39:608][512]LogTexture: Display: Building textures: ShadowMapTexture2D_24 (G8, 256X256)
[2018.07.08-17.49.39:608][512]LogTexture: Display: Building textures: ShadowMapTexture2D_25 (G8, 256X256)
[2018.07.08-17.49.39:608][512]LogTexture: Display: Building textures: ShadowMapTexture2D_26 (G8, 256X256)
[2018.07.08-17.49.39:608][512]LogTexture: Display: Building textures: ShadowMapTexture2D_27 (G8, 256X256)
[2018.07.08-17.49.39:609][512]LogTexture: Display: Building textures: ShadowMapTexture2D_28 (G8, 256X256)
[2018.07.08-17.49.39:808][512]LogTexture: Display: Building textures: ShadowMapTexture2D_29 (G8, 256X256)
[2018.07.08-17.49.39:808][512]LogTexture: Display: Building textures: ShadowMapTexture2D_30 (G8, 256X256)
[2018.07.08-17.49.39:808][512]LogTexture: Display: Building textures: ShadowMapTexture2D_31 (G8, 256X256)
[2018.07.08-17.49.39:808][512]LogTexture: Display: Building textures: ShadowMapTexture2D_32 (G8, 256X256)
[2018.07.08-17.49.39:808][512]LogTexture: Display: Building textures: ShadowMapTexture2D_33 (G8, 256X256)
[2018.07.08-17.49.39:808][512]LogTexture: Display: Building textures: ShadowMapTexture2D_34 (G8, 256X256)
[2018.07.08-17.49.39:808][512]LogTexture: Display: Building textures: ShadowMapTexture2D_35 (G8, 256X256)
[2018.07.08-17.49.39:808][512]LogTexture: Display: Building textures: ShadowMapTexture2D_36 (G8, 256X256)
[2018.07.08-17.49.39:808][512]LogTexture: Display: Building textures: ShadowMapTexture2D_37 (G8, 256X256)
[2018.07.08-17.49.39:808][512]LogTexture: Display: Building textures: ShadowMapTexture2D_38 (G8, 256X256)
[2018.07.08-17.49.39:809][512]LogTexture: Display: Building textures: ShadowMapTexture2D_39 (G8, 256X256)
[2018.07.08-17.49.39:809][512]LogTexture: Display: Building textures: ShadowMapTexture2D_40 (G8, 256X256)
[2018.07.08-17.49.39:809][512]LogTexture: Display: Building textures: ShadowMapTexture2D_41 (G8, 256X256)
[2018.07.08-17.49.39:809][512]LogTexture: Display: Building textures: ShadowMapTexture2D_42 (G8, 256X256)
[2018.07.08-17.49.39:809][512]LogTexture: Display: Building textures: ShadowMapTexture2D_43 (G8, 256X256)
[2018.07.08-17.49.39:809][512]LogTexture: Display: Building textures: ShadowMapTexture2D_44 (G8, 256X256)
[2018.07.08-17.49.39:809][512]LogTexture: Display: Building textures: ShadowMapTexture2D_45 (G8, 256X256)
[2018.07.08-17.49.40:008][512]LogTexture: Display: Building textures: ShadowMapTexture2D_46 (G8, 256X256)
[2018.07.08-17.49.40:008][512]LogTexture: Display: Building textures: ShadowMapTexture2D_47 (G8, 256X256)
[2018.07.08-17.49.40:008][512]LogTexture: Display: Building textures: ShadowMapTexture2D_48 (G8, 256X256)
[2018.07.08-17.49.40:008][512]LogTexture: Display: Building textures: ShadowMapTexture2D_49 (G8, 256X256)
[2018.07.08-17.49.40:008][512]LogTexture: Display: Building textures: ShadowMapTexture2D_50 (G8, 256X256)
[2018.07.08-17.49.40:008][512]LogTexture: Display: Building textures: ShadowMapTexture2D_51 (G8, 256X256)
[2018.07.08-17.49.40:008][512]LogTexture: Display: Building textures: ShadowMapTexture2D_52 (G8, 256X256)
[2018.07.08-17.49.40:008][512]LogTexture: Display: Building textures: ShadowMapTexture2D_53 (G8, 256X256)
[2018.07.08-17.49.40:008][512]LogTexture: Display: Building textures: ShadowMapTexture2D_54 (G8, 256X256)
[2018.07.08-17.49.40:008][512]LogTexture: Display: Building textures: ShadowMapTexture2D_55 (G8, 256X256)
[2018.07.08-17.49.40:008][512]LogTexture: Display: Building textures: ShadowMapTexture2D_56 (G8, 256X256)
[2018.07.08-17.49.40:008][512]LogTexture: Display: Building textures: ShadowMapTexture2D_57 (G8, 256X256)
[2018.07.08-17.49.40:008][512]LogTexture: Display: Building textures: ShadowMapTexture2D_58 (G8, 256X256)
[2018.07.08-17.49.40:008][512]LogTexture: Display: Building textures: ShadowMapTexture2D_59 (G8, 256X256)
[2018.07.08-17.49.40:008][512]LogTexture: Display: Building textures: ShadowMapTexture2D_60 (G8, 256X256)
[2018.07.08-17.49.40:008][512]LogTexture: Display: Building textures: ShadowMapTexture2D_61 (G8, 256X256)
[2018.07.08-17.49.40:030][512]LogTexture: Display: Building textures: ShadowMapTexture2D_62 (G8, 256X256)
[2018.07.08-17.49.40:030][512]LogTexture: Display: Building textures: ShadowMapTexture2D_64 (G8, 32X32)
[2018.07.08-17.49.40:031][512]LogTexture: Display: Building textures: ShadowMapTexture2D_63 (G8, 256X256)
[2018.07.08-17.49.40:129][512]Lightmass on PEARL: 10:07 min total, 3.09 sec importing, 12.5 sec setup, 4:01 min photons, 5:49 min processing, 0 ms extra exporting [65/65 mappings]. Threads: 29:09 min total, 22:06 min processing.
[2018.07.08-17.49.40:245][512]LogStaticLightingSystem: Illumination: 10:25 min (14.3 sec encoding lightmaps, 809 ms encoding shadowmaps)
[2018.07.08-17.49.40:245][512]LogStaticLightingSystem: Lightmap texture memory:  32.0 MB (32.0 MB streaming, 0.0 MB non-streaming), 130 textures
[2018.07.08-17.49.40:245][512]LogStaticLightingSystem: Shadowmap texture memory: 5.3 MB (5.3 MB streaming, 0.0 MB non-streaming), 65 textures
[2018.07.08-17.49.41:412][512]DumpUnbuiltLightIteractions
[2018.07.08-17.49.41:412][512]Lights with unbuilt interactions: 0
[2018.07.08-17.49.41:412][512]
[2018.07.08-17.49.41:412][512]Primitives with unbuilt interactions: 0
[2018.07.08-17.49.41:465][513]Cmd: MAP CHECK NOTIFYRESULTS
[2018.07.08-17.49.41:466][513]MapCheck: New page: WAV01 - Jul 8, 2018, 9:49:41 AM
[2018.07.08-17.49.41:623][513]MapCheck: Map check complete: 0 Error(s), 0 Warning(s), took 157.001ms to complete.
[2018.07.08-17.50.25:714][645]Cmd: OBJ SAVEPACKAGE PACKAGE="/Game/WAV01" FILE="../../../../../../Documents/GitHub/W.A.V/WAV/Saved/Autosaves/Game/WAV01_Auto2.umap" SILENT=true AUTOSAVING=true KEEPDIRTY=false
[2018.07.08-17.50.26:831][645]LogSavePackage: Save=575.24ms
[2018.07.08-17.50.26:832][645]LogSavePackage: Moving '../../../../../../Documents/GitHub/W.A.V/WAV/Saved/WAV01_Auto2366F859D459D6E9E5600E9A34F39DB65.tmp' to '../../../../../../Documents/GitHub/W.A.V/WAV/Saved/Autosaves/Game/WAV01_Auto2.umap'
[2018.07.08-17.50.26:833][645]LogSavePackage: Display: Finished SavePackage ../../../../../../Documents/GitHub/W.A.V/WAV/Saved/Autosaves/Game/WAV01_Auto2.umap
[2018.07.08-17.50.26:835][645]LogSlate: Took 0.000562 seconds to synchronously load lazily loaded font '../../../Engine/Content/Slate/Fonts/Roboto-Regular.ttf' (155K)
[2018.07.08-17.50.26:838][645]LogFileHelpers: Editor autosave (incl. sublevels) for '/Game/WAV01' took 1.146
[2018.07.08-17.50.26:838][645]LogFileHelpers: Editor autosave (incl. sublevels) for all levels took 1.146
[2018.07.08-17.50.26:843][645]OBJ SavePackage: Generating thumbnails for [0] asset(s) in package [/Game/WAV01_BuiltData] ([1] browsable assets)...
[2018.07.08-17.50.26:843][645]OBJ SavePackage: Finished generating thumbnails for package [/Game/WAV01_BuiltData]
[2018.07.08-17.50.26:843][645]Cmd: OBJ SAVEPACKAGE PACKAGE="/Game/WAV01_BuiltData" FILE="../../../../../../Documents/GitHub/W.A.V/WAV/Saved/Autosaves/Game/WAV01_BuiltData_Auto2.uasset" SILENT=false AUTOSAVING=true
[2018.07.08-17.50.27:641][645]LogSavePackage: Save=295.20ms
[2018.07.08-17.50.27:641][645]LogSavePackage: Moving '../../../../../../Documents/GitHub/W.A.V/WAV/Saved/WAV01_BuiltData_Auto25405EC86485074DC5B6998A8115D68CD.tmp' to '../../../../../../Documents/GitHub/W.A.V/WAV/Saved/Autosaves/Game/WAV01_BuiltData_Auto2.uasset'
[2018.07.08-17.50.27:642][645]LogSavePackage: Display: Finished SavePackage ../../../../../../Documents/GitHub/W.A.V/WAV/Saved/Autosaves/Game/WAV01_BuiltData_Auto2.uasset
[2018.07.08-17.50.27:642][645]LogFileHelpers: Auto-saving content packages took 0.802
[2018.07.08-17.53.40:137][225]LogEditorViewport: Clicking on Actor (LMB): Landscape (Landscape)
[2018.07.08-17.53.41:020][246]Cmd: OBJ SAVEPACKAGE PACKAGE="/Game/WAV01" FILE="../../../../../../Documents/GitHub/W.A.V/WAV/Content/WAV01.umap" SILENT=true AUTOSAVING=false KEEPDIRTY=false
[2018.07.08-17.53.41:695][246]LogSavePackage: Save=648.05ms
[2018.07.08-17.53.41:695][246]LogSavePackage: Moving '../../../../../../Documents/GitHub/W.A.V/WAV/Saved/WAV01DA6A9C6A420412D9D397338AE8C82527.tmp' to '../../../../../../Documents/GitHub/W.A.V/WAV/Content/WAV01.umap'
[2018.07.08-17.53.41:702][246]LogSavePackage: Display: Finished SavePackage ../../../../../../Documents/GitHub/W.A.V/WAV/Content/WAV01.umap
[2018.07.08-17.53.41:730][246]Cmd: OBJ SAVEPACKAGE PACKAGE="/Game/WAV01_BuiltData" FILE="../../../../../../Documents/GitHub/W.A.V/WAV/Content/WAV01_BuiltData.uasset" SILENT=true
[2018.07.08-17.53.44:841][246]LogSavePackage: Save=3107.95ms
[2018.07.08-17.53.44:841][246]LogSavePackage: Moving '../../../../../../Documents/GitHub/W.A.V/WAV/Saved/WAV01_BuiltData9293F79F44EBD11AA85EBE90BAB7F03F.tmp' to '../../../../../../Documents/GitHub/W.A.V/WAV/Content/WAV01_BuiltData.uasset'
[2018.07.08-17.53.44:859][246]LogSavePackage: Display: Finished SavePackage ../../../../../../Documents/GitHub/W.A.V/WAV/Content/WAV01_BuiltData.uasset
[2018.07.08-17.53.50:513][727]Cmd: QUIT_EDITOR
[2018.07.08-17.53.50:537][727]LogWindowsTextInputMethodSystem: Display: IME system now deactivated.
[2018.07.08-17.53.50:565][727]LogExit: Preparing to exit.
[2018.07.08-17.53.51:102][727]LogDirectoryWatcher: A directory notification for 'E:/Documents/GitHub/W.A.V/WAV/Content/' was aborted.
[2018.07.08-17.53.51:155][727]LogExit: Editor shut down
[2018.07.08-17.53.51:179][727]LogExit: Transaction tracking system shut down
[2018.07.08-17.53.51:344][727]LogDirectoryWatcher: A directory notification for '../../../Engine/Content/' was aborted.
[2018.07.08-17.53.51:344][727]LogDirectoryWatcher: A directory notification for '../../../../../../Documents/GitHub/W.A.V/WAV/Content/' was aborted.
[2018.07.08-17.53.51:345][727]LogDirectoryWatcher: A directory notification for '../../../Engine/Plugins/2D/Paper2D/Content/' was aborted.
[2018.07.08-17.53.51:345][727]LogDirectoryWatcher: A directory notification for '../../../Engine/Plugins/Media/MediaCompositing/Content/' was aborted.
[2018.07.08-17.53.51:345][727]LogDirectoryWatcher: A directory notification for '../../../Engine/Plugins/Runtime/AppleARKit/Content/' was aborted.
[2018.07.08-17.53.51:345][727]LogDirectoryWatcher: A directory notification for '../../../Engine/Plugins/Runtime/Oculus/OculusVR/Content/' was aborted.
[2018.07.08-17.53.51:345][727]LogDirectoryWatcher: A directory notification for '../../../Engine/Plugins/Runtime/Steam/SteamVR/Content/' was aborted.
[2018.07.08-17.53.51:502][727]LogExit: Object subsystem successfully closed.
[2018.07.08-17.53.51:546][727]LogD3D11RHI: Shutdown
[2018.07.08-17.53.51:546][727]LogD3D11RHI: CleanupD3DDevice
[2018.07.08-17.53.51:551][727]LogD3D11RHI: ~FD3D11DynamicRHI
[2018.07.08-17.53.51:585][727]LogModuleManager: Shutting down and abandoning module HierarchicalLODOutliner (548)
[2018.07.08-17.53.51:585][727]LogModuleManager: Shutting down and abandoning module AddContentDialog (546)
[2018.07.08-17.53.51:630][727]LogDirectoryWatcher: A directory notification for 'E:/Program Files/Epic Games/UE_4.18/FeaturePacks/' was aborted.
[2018.07.08-17.53.51:634][727]LogModuleManager: Shutting down and abandoning module WidgetCarousel (545)
[2018.07.08-17.53.51:634][727]LogModuleManager: Shutting down and abandoning module EditorWidgets (542)
[2018.07.08-17.53.51:634][727]LogModuleManager: Shutting down and abandoning module CollectionManager (540)
[2018.07.08-17.53.51:635][727]LogDirectoryWatcher: A directory notification for 'E:/Documents/GitHub/W.A.V/WAV/Content/Collections/' was aborted.
[2018.07.08-17.53.51:635][727]LogDirectoryWatcher: A directory notification for 'E:/Documents/GitHub/W.A.V/WAV/Content/Developers/Mrgds2/Collections/' was aborted.
[2018.07.08-17.53.51:635][727]LogDirectoryWatcher: A directory notification for 'E:/Documents/GitHub/W.A.V/WAV/Saved/Collections/' was aborted.
[2018.07.08-17.53.51:635][727]LogModuleManager: Shutting down and abandoning module SceneOutliner (538)
[2018.07.08-17.53.51:635][727]LogModuleManager: Shutting down and abandoning module StatsViewer (536)
[2018.07.08-17.53.51:635][727]LogModuleManager: Shutting down and abandoning module FoliageEdit (534)
[2018.07.08-17.53.51:635][727]LogModuleManager: Shutting down and abandoning module LandscapeEditor (532)
[2018.07.08-17.53.51:635][727]LogModuleManager: Shutting down and abandoning module MeshPaintMode (530)
[2018.07.08-17.53.51:636][727]LogModuleManager: Shutting down and abandoning module SceneDepthPickerMode (528)
[2018.07.08-17.53.51:636][727]LogModuleManager: Shutting down and abandoning module ActorPickerMode (526)
[2018.07.08-17.53.51:636][727]LogModuleManager: Shutting down and abandoning module GeometryMode (524)
[2018.07.08-17.53.51:636][727]LogModuleManager: Shutting down and abandoning module TextureAlignMode (522)
[2018.07.08-17.53.51:636][727]LogModuleManager: Shutting down and abandoning module BspMode (520)
[2018.07.08-17.53.51:636][727]LogModuleManager: Shutting down and abandoning module PIEPreviewDeviceProfileSelector (518)
[2018.07.08-17.53.51:636][727]LogModuleManager: Shutting down and abandoning module HardwareSurvey (516)
[2018.07.08-17.53.51:636][727]LogModuleManager: Shutting down and abandoning module SequenceRecorderSections (514)
[2018.07.08-17.53.51:636][727]LogModuleManager: Shutting down and abandoning module AutomationWorker (512)
[2018.07.08-17.53.51:636][727]LogModuleManager: Shutting down and abandoning module MatineeToLevelSequence (510)
[2018.07.08-17.53.51:636][727]LogModuleManager: Shutting down and abandoning module LevelSequenceEditor (508)
[2018.07.08-17.53.51:636][727]LogModuleManager: Shutting down and abandoning module PlacementMode (507)
[2018.07.08-17.53.51:636][727]LogModuleManager: Shutting down and abandoning module WmfMediaFactory (504)
[2018.07.08-17.53.51:636][727]LogModuleManager: Shutting down and abandoning module WmfMediaEditor (502)
[2018.07.08-17.53.51:636][727]LogModuleManager: Shutting down and abandoning module OpenExrWrapper (500)
[2018.07.08-17.53.51:636][727]LogModuleManager: Shutting down and abandoning module ImgMediaFactory (498)
[2018.07.08-17.53.51:636][727]LogModuleManager: Shutting down and abandoning module ImgMediaEditor (496)
[2018.07.08-17.53.51:636][727]LogModuleManager: Shutting down and abandoning module AvfMediaFactory (494)
[2018.07.08-17.53.51:636][727]LogModuleManager: Shutting down and abandoning module AvfMediaEditor (492)
[2018.07.08-17.53.51:636][727]LogModuleManager: Shutting down and abandoning module AndroidMediaFactory (490)
[2018.07.08-17.53.51:636][727]LogModuleManager: Shutting down and abandoning module AndroidMediaEditor (488)
[2018.07.08-17.53.51:636][727]LogModuleManager: Shutting down and abandoning module CharacterAI (486)
[2018.07.08-17.53.51:636][727]LogModuleManager: Shutting down and abandoning module AudioCapture (484)
[2018.07.08-17.53.51:636][727]LogModuleManager: Shutting down and abandoning module SequenceRecorder (483)
[2018.07.08-17.53.51:637][727]LogModuleManager: Shutting down and abandoning module SmartSnapping (480)
[2018.07.08-17.53.51:637][727]LogModuleManager: Shutting down and abandoning module SessionServices (478)
[2018.07.08-17.53.51:637][727]LogModuleManager: Shutting down and abandoning module ViewportSnapping (476)
[2018.07.08-17.53.51:637][727]LogModuleManager: Shutting down and abandoning module ViewportInteraction (474)
[2018.07.08-17.53.51:637][727]LogModuleManager: Shutting down and abandoning module ClothPainter (472)
[2018.07.08-17.53.51:637][727]LogModuleManager: Shutting down and abandoning module SkeletalMeshEditor (471)
[2018.07.08-17.53.51:637][727]LogModuleManager: Shutting down and abandoning module LogVisualizer (468)
[2018.07.08-17.53.51:637][727]LogModuleManager: Shutting down and abandoning module IntroTutorials (466)
[2018.07.08-17.53.51:654][727]LogModuleManager: Shutting down and abandoning module GameProjectGeneration (465)
[2018.07.08-17.53.51:654][727]LogModuleManager: Shutting down and abandoning module IOSPlatformEditor (462)
[2018.07.08-17.53.51:654][727]LogModuleManager: Shutting down and abandoning module HTML5PlatformEditor (460)
[2018.07.08-17.53.51:654][727]LogModuleManager: Shutting down and abandoning module AndroidPlatformEditor (458)
[2018.07.08-17.53.51:654][727]LogModuleManager: Shutting down and abandoning module AndroidDeviceDetection (457)
[2018.07.08-17.53.52:286][727]LogModuleManager: Shutting down and abandoning module WindowsPlatformEditor (454)
[2018.07.08-17.53.52:286][727]LogModuleManager: Shutting down and abandoning module IOSRuntimeSettings (452)
[2018.07.08-17.53.52:286][727]LogModuleManager: Shutting down and abandoning module AndroidRuntimeSettings (450)
[2018.07.08-17.53.52:286][727]LogModuleManager: Shutting down and abandoning module InputBindingEditor (448)
[2018.07.08-17.53.52:286][727]LogModuleManager: Shutting down and abandoning module MergeActors (446)
[2018.07.08-17.53.52:286][727]LogModuleManager: Shutting down and abandoning module SizeMap (444)
[2018.07.08-17.53.52:286][727]LogModuleManager: Shutting down and abandoning module TreeMap (442)
[2018.07.08-17.53.52:286][727]LogModuleManager: Shutting down and abandoning module ReferenceViewer (440)
[2018.07.08-17.53.52:286][727]LogModuleManager: Shutting down and abandoning module LocalizationDashboard (438)
[2018.07.08-17.53.52:286][727]LogModuleManager: Shutting down and abandoning module LocalizationService (437)
[2018.07.08-17.53.52:286][727]LogModuleManager: Shutting down and abandoning module HardwareTargeting (434)
[2018.07.08-17.53.52:286][727]LogModuleManager: Shutting down and abandoning module DeviceProfileEditor (432)
[2018.07.08-17.53.52:286][727]LogModuleManager: Shutting down and abandoning module UndoHistory (430)
[2018.07.08-17.53.52:286][727]LogModuleManager: Shutting down and abandoning module XmlParser (428)
[2018.07.08-17.53.52:286][727]LogModuleManager: Shutting down and abandoning module Blutility (426)
[2018.07.08-17.53.52:286][727]LogModuleManager: Shutting down and abandoning module ProjectSettingsViewer (424)
[2018.07.08-17.53.52:286][727]LogModuleManager: Shutting down and abandoning module ProjectTargetPlatformEditor (423)
[2018.07.08-17.53.52:286][727]LogModuleManager: Shutting down and abandoning module EditorSettingsViewer (420)
[2018.07.08-17.53.52:286][727]LogModuleManager: Shutting down and abandoning module SettingsEditor (418)
[2018.07.08-17.53.52:287][727]LogModuleManager: Shutting down and abandoning module ProjectLauncher (416)
[2018.07.08-17.53.52:287][727]LogModuleManager: Shutting down and abandoning module SessionFrontend (414)
[2018.07.08-17.53.52:287][727]LogModuleManager: Shutting down and abandoning module ProfilerClient (412)
[2018.07.08-17.53.52:287][727]LogModuleManager: Shutting down and abandoning module DeviceManager (410)
[2018.07.08-17.53.52:287][727]LogModuleManager: Shutting down and abandoning module TargetDeviceServices (409)
[2018.07.08-17.53.52:341][727]LogModuleManager: Shutting down and abandoning module AutomationController (406)
[2018.07.08-17.53.52:341][727]LogModuleManager: Shutting down and abandoning module AutomationWindow (404)
[2018.07.08-17.53.52:341][727]LogModuleManager: Shutting down and abandoning module Layers (402)
[2018.07.08-17.53.52:341][727]LogModuleManager: Shutting down and abandoning module ComponentVisualizers (400)
[2018.07.08-17.53.52:341][727]LogModuleManager: Shutting down and abandoning module DetailCustomizations (398)
[2018.07.08-17.53.52:341][727]LogModuleManager: Shutting down and abandoning module PackagesDialog (396)
[2018.07.08-17.53.52:342][727]LogModuleManager: Shutting down and abandoning module Persona (394)
[2018.07.08-17.53.52:342][727]LogModuleManager: Shutting down and abandoning module AdvancedPreviewScene (393)
[2018.07.08-17.53.52:342][727]LogModuleManager: Shutting down and abandoning module AnimGraph (391)
[2018.07.08-17.53.52:342][727]LogModuleManager: Shutting down and abandoning module Kismet (388)
[2018.07.08-17.53.52:342][727]LogModuleManager: Shutting down and abandoning module ClassViewer (386)
[2018.07.08-17.53.52:342][727]LogModuleManager: Shutting down and abandoning module Toolbox (384)
[2018.07.08-17.53.52:342][727]LogModuleManager: Shutting down and abandoning module ModuleUI (382)
[2018.07.08-17.53.52:342][727]LogModuleManager: Shutting down and abandoning module MovieSceneTools (380)
[2018.07.08-17.53.52:342][727]LogModuleManager: Shutting down and abandoning module OutputLog (378)
[2018.07.08-17.53.52:342][727]LogModuleManager: Shutting down and abandoning module GammaUI (376)
[2018.07.08-17.53.52:342][727]LogModuleManager: Shutting down and abandoning module Documentation (374)
[2018.07.08-17.53.52:342][727]LogModuleManager: Shutting down and abandoning module MovieSceneTracks (372)
[2018.07.08-17.53.52:342][727]LogModuleManager: Shutting down and abandoning module MovieScene (370)
[2018.07.08-17.53.52:342][727]LogModuleManager: Shutting down and abandoning module StreamingPauseRendering (368)
[2018.07.08-17.53.52:343][727]LogModuleManager: Shutting down and abandoning module LauncherPlatform (366)
[2018.07.08-17.53.52:343][727]LogModuleManager: Shutting down and abandoning module AnalyticsET (364)
[2018.07.08-17.53.52:343][727]LogModuleManager: Shutting down and abandoning module PortalServices (362)
[2018.07.08-17.53.52:343][727]LogModuleManager: Shutting down and abandoning module PortalRpc (360)
[2018.07.08-17.53.52:343][727]LogModuleManager: Shutting down and abandoning module MessagingRpc (358)
[2018.07.08-17.53.52:343][727]LogModuleManager: Shutting down and abandoning module AIModule (356)
[2018.07.08-17.53.52:343][727]LogModuleManager: Shutting down and abandoning module GameplayDebugger (355)
[2018.07.08-17.53.52:343][727]LogModuleManager: Shutting down and abandoning module AITestSuite (353)
[2018.07.08-17.53.52:343][727]LogModuleManager: Shutting down and abandoning module DesktopPlatform (350)
[2018.07.08-17.53.52:343][727]LogModuleManager: Shutting down and abandoning module ProfilerService (348)
[2018.07.08-17.53.52:592][727]LogModuleManager: Shutting down and abandoning module TaskGraph (346)
[2018.07.08-17.53.52:593][727]LogModuleManager: Shutting down and abandoning module SteamVRController (344)
[2018.07.08-17.53.52:593][727]LogModuleManager: Shutting down and abandoning module ProceduralMeshComponentEditor (342)
[2018.07.08-17.53.52:593][727]LogModuleManager: Shutting down and abandoning module ProceduralMeshComponent (340)
[2018.07.08-17.53.52:593][727]LogModuleManager: Shutting down and abandoning module OculusInput (338)
[2018.07.08-17.53.52:593][727]LogModuleManager: Shutting down and abandoning module MobilePatchingUtils (336)
[2018.07.08-17.53.52:593][727]LogModuleManager: Shutting down and abandoning module CustomMeshComponent (334)
[2018.07.08-17.53.52:593][727]LogModuleManager: Shutting down and abandoning module CableComponent (332)
[2018.07.08-17.53.52:593][727]LogModuleManager: Shutting down and abandoning module ArchVisCharacter (330)
[2018.07.08-17.53.52:593][727]LogModuleManager: Shutting down and abandoning module AndroidPermission (328)
[2018.07.08-17.53.52:593][727]LogModuleManager: Shutting down and abandoning module ActorSequence (324)
[2018.07.08-17.53.52:593][727]LogModuleManager: Shutting down and abandoning module MediaPlayerEditor (322)
[2018.07.08-17.53.52:593][727]LogModuleManager: Shutting down and abandoning module MediaCompositingEditor (320)
[2018.07.08-17.53.52:593][727]LogModuleManager: Shutting down and abandoning module MediaCompositing (318)
[2018.07.08-17.53.52:593][727]LogModuleManager: Shutting down and abandoning module HTML5Networking (316)
[2018.07.08-17.53.52:593][727]LogModuleManager: Shutting down and abandoning module AlembicImporter (314)
[2018.07.08-17.53.52:593][727]LogModuleManager: Shutting down and abandoning module AlembicLibrary (313)
[2018.07.08-17.53.52:593][727]LogModuleManager: Shutting down and abandoning module GeometryCache (312)
[2018.07.08-17.53.52:593][727]LogModuleManager: Shutting down and abandoning module GeometryCacheEd (311)
[2018.07.08-17.53.52:593][727]LogModuleManager: Shutting down and abandoning module SpeedTreeImporter (306)
[2018.07.08-17.53.52:593][727]LogModuleManager: Shutting down and abandoning module PluginBrowser (304)
[2018.07.08-17.53.52:593][727]LogModuleManager: Shutting down and abandoning module MobileLauncherProfileWizard (302)
[2018.07.08-17.53.52:593][727]LogModuleManager: Shutting down and abandoning module VisualStudioSourceCodeAccess (300)
[2018.07.08-17.53.52:593][727]LogModuleManager: Shutting down and abandoning module VisualStudioCodeSourceCodeAccess (298)
[2018.07.08-17.53.52:593][727]LogModuleManager: Shutting down and abandoning module UObjectPlugin (296)
[2018.07.08-17.53.52:593][727]LogModuleManager: Shutting down and abandoning module SubversionSourceControl (294)
[2018.07.08-17.53.52:593][727]LogModuleManager: Shutting down and abandoning module PerforceSourceControl (292)
[2018.07.08-17.53.52:593][727]LogModuleManager: Shutting down and abandoning module GitSourceControl (290)
[2018.07.08-17.53.52:593][727]LogModuleManager: Shutting down and abandoning module SourceControl (289)
[2018.07.08-17.53.52:594][727]LogModuleManager: Shutting down and abandoning module LightPropagationVolumeEditor (286)
[2018.07.08-17.53.52:594][727]LogModuleManager: Shutting down and abandoning module PaperTiledImporter (284)
[2018.07.08-17.53.52:594][727]LogModuleManager: Shutting down and abandoning module PaperSpriteSheetImporter (282)
[2018.07.08-17.53.52:594][727]LogModuleManager: Shutting down and abandoning module Paper2DEditor (280)
[2018.07.08-17.53.52:594][727]LogModuleManager: Shutting down and abandoning module MeshPaint (279)
[2018.07.08-17.53.52:594][727]LogModuleManager: Shutting down and abandoning module LevelEditor (277)
[2018.07.08-17.53.52:595][727]LogModuleManager: Shutting down and abandoning module PixelInspectorModule (276)
[2018.07.08-17.53.52:595][727]LogModuleManager: Shutting down and abandoning module MainFrame (274)
[2018.07.08-17.53.52:595][727]LogModuleManager: Shutting down and abandoning module HotReload (273)
[2018.07.08-17.53.52:596][727]LogModuleManager: Shutting down and abandoning module RuntimePhysXCooking (268)
[2018.07.08-17.53.52:596][727]LogModuleManager: Shutting down and abandoning module PhysXVehiclesEditor (266)
[2018.07.08-17.53.52:596][727]LogModuleManager: Shutting down and abandoning module PhysXVehicles (264)
[2018.07.08-17.53.52:596][727]LogModuleManager: Shutting down and abandoning module OculusEditor (262)
[2018.07.08-17.53.52:596][727]LogModuleManager: Shutting down and abandoning module LocationServicesBPLibrary (260)
[2018.07.08-17.53.52:596][727]LogModuleManager: Shutting down and abandoning module ImmediatePhysicsEditor (258)
[2018.07.08-17.53.52:596][727]LogModuleManager: Shutting down and abandoning module ImmediatePhysics (256)
[2018.07.08-17.53.52:596][727]LogModuleManager: Shutting down and abandoning module UdpMessaging (254)
[2018.07.08-17.53.52:698][727]LogModuleManager: Shutting down and abandoning module TcpMessaging (252)
[2018.07.08-17.53.52:798][727]LogModuleManager: Shutting down and abandoning module GameplayTagsEditor (250)
[2018.07.08-17.53.52:798][727]LogModuleManager: Shutting down and abandoning module FacialAnimationEditor (248)
[2018.07.08-17.53.52:798][727]LogModuleManager: Shutting down and abandoning module FacialAnimation (246)
[2018.07.08-17.53.52:798][727]LogModuleManager: Shutting down and abandoning module AssetManagerEditor (244)
[2018.07.08-17.53.52:798][727]LogModuleManager: Shutting down and abandoning module GraphEditor (243)
[2018.07.08-17.53.52:798][727]LogModuleManager: Shutting down and abandoning module ContentBrowser (241)
[2018.07.08-17.53.52:800][727]LogModuleManager: Shutting down and abandoning module LightPropagationVolumeRuntime (238)
[2018.07.08-17.53.52:800][727]LogModuleManager: Shutting down and abandoning module Paper2D (236)
[2018.07.08-17.53.52:800][727]LogModuleManager: Shutting down and abandoning module WindowsMoviePlayer (234)
[2018.07.08-17.53.52:800][727]LogModuleManager: Shutting down and abandoning module WmfMedia (232)
[2018.07.08-17.53.52:804][727]LogModuleManager: Shutting down and abandoning module ImgMedia (230)
[2018.07.08-17.53.52:804][727]LogModuleManager: Shutting down and abandoning module PacketHandler (228)
[2018.07.08-17.53.52:804][727]LogModuleManager: Shutting down and abandoning module ClothingSystemEditor (226)
[2018.07.08-17.53.52:804][727]LogModuleManager: Shutting down and abandoning module ClothingSystemRuntime (224)
[2018.07.08-17.53.52:804][727]LogModuleManager: Shutting down and abandoning module MediaAssets (222)
[2018.07.08-17.53.52:804][727]LogModuleManager: Shutting down and abandoning module Media (221)
[2018.07.08-17.53.52:811][727]LogModuleManager: Shutting down and abandoning module Overlay (218)
[2018.07.08-17.53.52:811][727]LogModuleManager: Shutting down and abandoning module OverlayEditor (217)
[2018.07.08-17.53.52:811][727]LogModuleManager: Shutting down and abandoning module VREditor (214)
[2018.07.08-17.53.52:811][727]LogModuleManager: Shutting down and abandoning module StringTableEditor (212)
[2018.07.08-17.53.52:811][727]LogModuleManager: Shutting down and abandoning module GameplayTasksEditor (210)
[2018.07.08-17.53.52:811][727]LogModuleManager: Shutting down and abandoning module BehaviorTreeEditor (208)
[2018.07.08-17.53.52:811][727]LogModuleManager: Shutting down and abandoning module FunctionalTesting (206)
[2018.07.08-17.53.52:811][727]LogModuleManager: Shutting down and abandoning module CollisionAnalyzer (204)
[2018.07.08-17.53.52:811][727]LogModuleManager: Shutting down and abandoning module WorkspaceMenuStructure (203)
[2018.07.08-17.53.52:811][727]LogModuleManager: Shutting down and abandoning module UMG (200)
[2018.07.08-17.53.52:811][727]LogModuleManager: Shutting down and abandoning module UMGEditor (199)
[2018.07.08-17.53.52:812][727]LogModuleManager: Shutting down and abandoning module Sequencer (198)
[2018.07.08-17.53.52:812][727]LogModuleManager: Shutting down and abandoning module MessageLog (195)
[2018.07.08-17.53.52:812][727]LogModuleManager: Shutting down and abandoning module SlateReflector (190)
[2018.07.08-17.53.52:812][727]LogModuleManager: Shutting down and abandoning module Slate (188)
[2018.07.08-17.53.52:812][727]LogModuleManager: Shutting down and abandoning module EditorStyle (186)
[2018.07.08-17.53.52:816][727]LogModuleManager: Shutting down and abandoning module MRMesh (184)
[2018.07.08-17.53.52:816][727]LogModuleManager: Shutting down and abandoning module SourceCodeAccess (182)
[2018.07.08-17.53.52:816][727]LogModuleManager: Shutting down and abandoning module HeadMountedDisplay (180)
[2018.07.08-17.53.52:816][727]LogModuleManager: Shutting down and abandoning module XAudio2 (178)
[2018.07.08-17.53.52:816][727]LogModuleManager: Shutting down and abandoning module Networking (176)
[2018.07.08-17.53.52:816][727]LogModuleManager: Shutting down and abandoning module Core (172)
[2018.07.08-17.53.52:816][727]LogModuleManager: Shutting down and abandoning module LevelSequence (168)
[2018.07.08-17.53.52:816][727]LogModuleManager: Shutting down and abandoning module DirectoryWatcher (166)
[2018.07.08-17.53.52:825][727]LogModuleManager: Shutting down and abandoning module KismetCompiler (164)
[2018.07.08-17.53.52:825][727]LogModuleManager: Shutting down and abandoning module MeshUtilities (162)
[2018.07.08-17.53.52:825][727]LogModuleManager: Shutting down and abandoning module MeshMergeUtilities (161)
[2018.07.08-17.53.52:825][727]LogModuleManager: Shutting down and abandoning module MeshReductionInterface (160)
[2018.07.08-17.53.52:825][727]LogModuleManager: Shutting down and abandoning module SimplygonSwarm (159)
[2018.07.08-17.53.52:825][727]LogModuleManager: Shutting down and abandoning module SimplygonMeshReduction (157)
[2018.07.08-17.53.52:826][727]LogModuleManager: Shutting down and abandoning module QuadricMeshReduction (155)
[2018.07.08-17.53.52:826][727]LogModuleManager: Shutting down and abandoning module MaterialBaking (151)
[2018.07.08-17.53.52:826][727]LogModuleManager: Shutting down and abandoning module DerivedDataCache (148)
[2018.07.08-17.53.52:847][727]LogDerivedDataCache: Shutdown
[2018.07.08-17.53.52:847][727]LogModuleManager: Shutting down and abandoning module TargetPlatform (146)
[2018.07.08-17.53.52:847][727]LogModuleManager: Shutting down and abandoning module VulkanShaderFormat (145)
[2018.07.08-17.53.52:847][727]LogModuleManager: Shutting down and abandoning module ShaderFormatVectorVM (143)
[2018.07.08-17.53.52:847][727]LogModuleManager: Shutting down and abandoning module ShaderFormatOpenGL (141)
[2018.07.08-17.53.52:847][727]LogModuleManager: Shutting down and abandoning module ShaderFormatD3D (139)
[2018.07.08-17.53.52:847][727]LogModuleManager: Shutting down and abandoning module MetalShaderFormat (137)
[2018.07.08-17.53.52:847][727]LogModuleManager: Shutting down and abandoning module TextureFormatUncompressed (135)
[2018.07.08-17.53.52:847][727]LogModuleManager: Shutting down and abandoning module TextureFormatPVR (133)
[2018.07.08-17.53.52:847][727]LogModuleManager: Shutting down and abandoning module TextureFormatDXT (131)
[2018.07.08-17.53.52:847][727]LogModuleManager: Shutting down and abandoning module TextureFormatIntelISPCTexComp (129)
[2018.07.08-17.53.52:847][727]LogModuleManager: Shutting down and abandoning module TextureFormatASTC (127)
[2018.07.08-17.53.52:847][727]LogModuleManager: Shutting down and abandoning module ImageWrapper (126)
[2018.07.08-17.53.52:847][727]LogModuleManager: Shutting down and abandoning module TextureFormatAndroid (123)
[2018.07.08-17.53.52:847][727]LogModuleManager: Shutting down and abandoning module AudioFormatOpus (121)
[2018.07.08-17.53.52:847][727]LogModuleManager: Shutting down and abandoning module AudioFormatOgg (119)
[2018.07.08-17.53.52:847][727]LogModuleManager: Shutting down and abandoning module AudioFormatADPCM (117)
[2018.07.08-17.53.52:847][727]LogModuleManager: Shutting down and abandoning module LinuxTargetPlatform (115)
[2018.07.08-17.53.52:847][727]LogModuleManager: Shutting down and abandoning module LinuxServerTargetPlatform (113)
[2018.07.08-17.53.52:847][727]LogModuleManager: Shutting down and abandoning module LinuxNoEditorTargetPlatform (111)
[2018.07.08-17.53.52:847][727]LogModuleManager: Shutting down and abandoning module LinuxClientTargetPlatform (109)
[2018.07.08-17.53.52:847][727]LogModuleManager: Shutting down and abandoning module TVOSTargetPlatform (107)
[2018.07.08-17.53.52:847][727]LogModuleManager: Shutting down and abandoning module Messaging (105)
[2018.07.08-17.53.52:847][727]LogModuleManager: Shutting down and abandoning module IOSTargetPlatform (103)
[2018.07.08-17.53.52:847][727]LogModuleManager: Shutting down and abandoning module HTML5TargetPlatform (101)
[2018.07.08-17.53.52:848][727]LogModuleManager: Shutting down and abandoning module AndroidTargetPlatform (99)
[2018.07.08-17.53.52:848][727]LogModuleManager: Shutting down and abandoning module Android_PVRTCTargetPlatform (97)
[2018.07.08-17.53.52:848][727]LogModuleManager: Shutting down and abandoning module Android_MultiTargetPlatform (95)
[2018.07.08-17.53.52:848][727]LogModuleManager: Shutting down and abandoning module Android_ETC2TargetPlatform (93)
[2018.07.08-17.53.52:848][727]LogModuleManager: Shutting down and abandoning module Android_ETC1TargetPlatform (91)
[2018.07.08-17.53.52:848][727]LogModuleManager: Shutting down and abandoning module Android_DXTTargetPlatform (89)
[2018.07.08-17.53.52:848][727]LogModuleManager: Shutting down and abandoning module Android_ATCTargetPlatform (87)
[2018.07.08-17.53.52:848][727]LogModuleManager: Shutting down and abandoning module Android_ASTCTargetPlatform (85)
[2018.07.08-17.53.52:848][727]LogModuleManager: Shutting down and abandoning module WindowsTargetPlatform (83)
[2018.07.08-17.53.52:848][727]LogModuleManager: Shutting down and abandoning module WindowsServerTargetPlatform (81)
[2018.07.08-17.53.52:848][727]LogModuleManager: Shutting down and abandoning module WindowsNoEditorTargetPlatform (79)
[2018.07.08-17.53.52:848][727]LogModuleManager: Shutting down and abandoning module WindowsClientTargetPlatform (77)
[2018.07.08-17.53.52:848][727]LogModuleManager: Shutting down and abandoning module MacTargetPlatform (75)
[2018.07.08-17.53.52:848][727]LogModuleManager: Shutting down and abandoning module MacServerTargetPlatform (73)
[2018.07.08-17.53.52:848][727]LogModuleManager: Shutting down and abandoning module MacNoEditorTargetPlatform (71)
[2018.07.08-17.53.52:848][727]LogModuleManager: Shutting down and abandoning module MacClientTargetPlatform (69)
[2018.07.08-17.53.52:848][727]LogModuleManager: Shutting down and abandoning module AllDesktopTargetPlatform (67)
[2018.07.08-17.53.52:848][727]LogModuleManager: Shutting down and abandoning module InputCore (64)
[2018.07.08-17.53.52:848][727]LogModuleManager: Shutting down and abandoning module Settings (62)
[2018.07.08-17.53.52:848][727]LogModuleManager: Shutting down and abandoning module PhysXCooking (60)
[2018.07.08-17.53.52:848][727]LogModuleManager: Shutting down and abandoning module SteamVR (58)
[2018.07.08-17.53.52:848][727]LogModuleManager: Shutting down and abandoning module OculusHMD (56)
[2018.07.08-17.53.52:848][727]LogModuleManager: Shutting down and abandoning module ExampleDeviceProfileSelector (54)
[2018.07.08-17.53.52:848][727]LogModuleManager: Shutting down and abandoning module AppleARKit (52)
[2018.07.08-17.53.52:848][727]LogModuleManager: Shutting down and abandoning module AugmentedReality (51)
[2018.07.08-17.53.52:848][727]LogModuleManager: Shutting down and abandoning module OnlineBlueprintSupport (48)
[2018.07.08-17.53.52:848][727]LogModuleManager: Shutting down and abandoning module OnlineSubsystem (44)
[2018.07.08-17.53.52:848][727]LogModuleManager: Shutting down and abandoning module XMPP (43)
[2018.07.08-17.53.52:848][727]LogModuleManager: Shutting down and abandoning module HTTP (41)
[2018.07.08-17.53.52:848][727]LogHttp: Display: Http module shutting down, but needs to wait on 1 outstanding Http requests:
[2018.07.08-17.53.52:848][727]LogHttp: Display: 	verb=[POST] url=[https://datarouter.ol.epicgames.com/datarouter/api/v1/public/data?SessionID=%7BC8F82F14-4E7C-EB38-4A33-B081ADCA2929%7D&AppID=UEEditor.Rocket.Release&AppVersion=4.18.3-3832480%2B%2B%2BUE4%2BRelease-4.18&UserID=f9dbcee846651c3a225fce8ac4323ecf%7Cdf16815734cf476dbd544a7f9eb863e8%7C7b1b610e-aa61-4dbb-aa05-d832d376c77f&AppEnvironment=datacollector-binary&UploadType=eteventstream] status=Processing
[2018.07.08-17.53.52:875][727]LogModuleManager: Shutting down and abandoning module SSL (40)
[2018.07.08-17.53.52:877][727]LogModuleManager: Shutting down and abandoning module AnimationModifiers (36)
[2018.07.08-17.53.52:877][727]LogModuleManager: Shutting down and abandoning module PropertyEditor (35)
[2018.07.08-17.53.52:878][727]LogModuleManager: Shutting down and abandoning module AudioEditor (32)
[2018.07.08-17.53.52:878][727]LogModuleManager: Shutting down and abandoning module TextureCompressor (30)
[2018.07.08-17.53.52:878][727]LogModuleManager: Shutting down and abandoning module ShaderCore (28)
[2018.07.08-17.53.52:878][727]LogModuleManager: Shutting down and abandoning module Landscape (26)
[2018.07.08-17.53.52:878][727]LogModuleManager: Shutting down and abandoning module SlateRHIRenderer (24)
[2018.07.08-17.53.52:879][727]LogModuleManager: Shutting down and abandoning module OpenGLDrv (22)
[2018.07.08-17.53.52:880][727]LogModuleManager: Shutting down and abandoning module D3D11RHI (20)
[2018.07.08-17.53.52:880][727]LogModuleManager: Shutting down and abandoning module AnimGraphRuntime (18)
[2018.07.08-17.53.52:880][727]LogModuleManager: Shutting down and abandoning module Renderer (16)
[2018.07.08-17.53.52:880][727]LogModuleManager: Shutting down and abandoning module Engine (14)
[2018.07.08-17.53.52:880][727]LogModuleManager: Shutting down and abandoning module CoreUObject (12)
[2018.07.08-17.53.52:880][727]LogModuleManager: Shutting down and abandoning module NetworkFile (10)
[2018.07.08-17.53.52:880][727]LogModuleManager: Shutting down and abandoning module CookedIterativeFile (8)
[2018.07.08-17.53.52:880][727]LogModuleManager: Shutting down and abandoning module StreamingFile (6)
[2018.07.08-17.53.52:880][727]LogModuleManager: Shutting down and abandoning module SandboxFile (4)
[2018.07.08-17.53.52:880][727]LogModuleManager: Shutting down and abandoning module PakFile (2)
[2018.07.08-17.53.52:884][727]LogExit: Exiting.
[2018.07.08-17.53.52:902][727]Log file closed, 07/08/18 13:53:52
